typ,1,2,3,4,5,6,7,8,9
aabb,0,1,4,5,0,1,4,5,       -7.842200e-02
aabb,0,1,4,5,0,1,3,5,       6.372078e-02
aabb,0,1,4,5,0,1,3,4,       7.222993e-07
aabb,0,1,3,5,0,1,4,5,       6.372078e-02
aabb,0,1,3,4,0,1,4,5,       7.222993e-07
aabb,0,1,3,5,0,1,3,5,       -5.888359e-02
aabb,0,1,3,5,0,1,3,4,       -4.842433e-07
aabb,0,1,3,4,0,1,3,5,       -4.842433e-07
aabb,0,1,3,4,0,1,3,4,       -1.301713e-02
aaab,0,1,2,3,4,5,0,5,       3.143511e-02
aaab,0,1,2,3,4,5,0,4,       -3.824346e-07
aaab,0,1,2,3,4,5,0,3,       -4.991876e-07
aabb,0,1,4,5,0,2,4,5,       -6.375489e-02
aabb,0,1,4,5,0,2,3,5,       5.939695e-03
aabb,0,1,4,5,0,2,3,4,       1.298237e-06
aabb,0,1,3,5,0,2,4,5,       -2.549541e-02
aabb,0,1,3,4,0,2,4,5,       1.680672e-06
aabb,0,1,3,5,0,2,3,5,       6.375142e-02
aabb,0,1,3,5,0,2,3,4,       -1.099630e-06
aabb,0,1,3,4,0,2,3,5,       -6.004422e-07
aabb,0,1,3,4,0,2,3,4,       -6.063419e-06
aab,0,1,4,5,0,5,       5.295262e-07
aab,0,1,4,5,0,4,       8.783631e-08
aab,0,1,4,5,0,3,       7.148202e-07
aab,0,1,3,5,0,5,       -6.421182e-08
aab,0,1,3,5,0,4,       1.127597e-07
aab,0,1,3,4,0,5,       -6.020605e-07
aab,0,1,3,4,0,4,       1.476146e-08
aab,0,1,3,5,0,3,       -9.948895e-07
aab,0,1,3,4,0,3,       4.981505e-08
aabb,0,2,4,5,0,1,4,5,       -6.375489e-02
aabb,0,2,4,5,0,1,3,5,       -2.549541e-02
aabb,0,2,4,5,0,1,3,4,       1.680672e-06
aabb,0,2,3,5,0,1,4,5,       5.939695e-03
aabb,0,2,3,4,0,1,4,5,       1.298237e-06
aabb,0,2,3,5,0,1,3,5,       6.375142e-02
aabb,0,2,3,5,0,1,3,4,       -6.004422e-07
aabb,0,2,3,4,0,1,3,5,       -1.099630e-06
aabb,0,2,3,4,0,1,3,4,       -6.063419e-06
aabb,0,2,4,5,0,2,4,5,       -5.889019e-02
aabb,0,2,4,5,0,2,3,5,       -6.374652e-02
aabb,0,2,4,5,0,2,3,4,       -7.351284e-07
aabb,0,2,3,5,0,2,4,5,       -6.374652e-02
aabb,0,2,3,4,0,2,4,5,       -7.351284e-07
aabb,0,2,3,5,0,2,3,5,       -7.846647e-02
aabb,0,2,3,5,0,2,3,4,       -9.827523e-07
aabb,0,2,3,4,0,2,3,5,       -9.827523e-07
aabb,0,2,3,4,0,2,3,4,       -1.298436e-02
aab,0,2,4,5,0,5,       8.143222e-08
aab,0,2,4,5,0,4,       1.789015e-07
aab,0,2,4,5,0,3,       9.245218e-07
aab,0,2,3,5,0,5,       5.395350e-07
aab,0,2,3,5,0,4,       2.899121e-07
aab,0,2,3,4,0,5,       -6.346098e-07
aab,0,2,3,4,0,4,       -2.720409e-08
aab,0,2,3,5,0,3,       6.566864e-07
aab,0,2,3,4,0,3,       6.570645e-08
ab,0,5,0,5,       1.655929e-01
ab,0,5,0,4,       1.545374e-06
ab,0,4,0,5,       1.545374e-06
ab,0,4,0,4,       1.898030e-02
ab,0,5,0,3,       -2.464255e-06
ab,0,4,0,3,       2.541629e-05
ab,0,3,0,5,       -2.464255e-06
ab,0,3,0,4,       2.541629e-05
ab,0,3,0,3,       1.896592e-02
aaab,0,1,2,3,4,5,1,5,       -3.248657e-08
aaab,0,1,2,3,4,5,1,4,       -9.630111e-03
aaab,0,1,2,3,4,5,1,3,       8.257375e-03
aabb,0,1,4,5,1,2,4,5,       1.435699e-07
aabb,0,1,4,5,1,2,3,5,       -6.498523e-07
aabb,0,1,4,5,1,2,3,4,       4.642599e-02
aabb,0,1,3,5,1,2,4,5,       -6.173657e-07
aabb,0,1,3,4,1,2,4,5,       5.605610e-02
aabb,0,1,3,5,1,2,3,5,       7.751239e-07
aabb,0,1,3,5,1,2,3,4,       -3.985488e-02
aabb,0,1,3,4,1,2,3,5,       -4.811225e-02
aabb,0,1,3,4,1,2,3,4,       -8.729236e-07
aab,0,1,4,5,1,5,       -8.848207e-08
aab,0,1,4,5,1,4,       -4.482838e-07
aab,0,1,4,5,1,3,       1.898247e-07
aab,0,1,3,5,1,5,       1.445045e-07
aab,0,1,3,5,1,4,       2.981777e-07
aab,0,1,3,4,1,5,       1.083530e-07
aab,0,1,3,4,1,4,       9.745991e-07
aab,0,1,3,5,1,3,       -1.562289e-07
aab,0,1,3,4,1,3,       -1.183623e-06
aaab,0,1,2,3,4,5,2,5,       -8.199133e-07
aaab,0,1,2,3,4,5,2,4,       -8.280774e-03
aaab,0,1,2,3,4,5,2,3,       -9.641306e-03
aaa,0,1,2,3,4,5,       -4.481543e-07
aab,0,1,4,5,2,5,       3.079741e-07
aab,0,1,4,5,2,4,       -3.751782e-07
aab,0,1,4,5,2,3,       -5.409922e-07
aab,0,1,3,5,2,5,       8.108793e-08
aab,0,1,3,5,2,4,       1.249730e-07
aab,0,1,3,4,2,5,       2.178108e-07
aab,0,1,3,4,2,4,       1.279519e-06
aab,0,1,3,5,2,3,       3.943024e-07
aab,0,1,3,4,2,3,       8.739271e-07
aa,0,1,4,5,       1.517382e-02
aa,0,1,3,5,       -1.303285e-02
aa,0,1,3,4,       -9.448275e-07
aabb,0,2,4,5,1,2,4,5,       7.156865e-07
aabb,0,2,4,5,1,2,3,5,       -1.663528e-07
aabb,0,2,4,5,1,2,3,4,       3.984965e-02
aabb,0,2,3,5,1,2,4,5,       6.535605e-07
aabb,0,2,3,4,1,2,4,5,       4.813042e-02
aabb,0,2,3,5,1,2,3,5,       -3.176707e-07
aabb,0,2,3,5,1,2,3,4,       4.643527e-02
aabb,0,2,3,4,1,2,3,5,       5.607658e-02
aabb,0,2,3,4,1,2,3,4,       1.292368e-06
aab,0,2,4,5,1,5,       7.772886e-08
aab,0,2,4,5,1,4,       -3.716624e-07
aab,0,2,4,5,1,3,       -1.200845e-07
aab,0,2,3,5,1,5,       -7.572216e-10
aab,0,2,3,5,1,4,       -5.761043e-07
aab,0,2,3,4,1,5,       -7.865548e-09
aab,0,2,3,4,1,4,       9.118035e-07
aab,0,2,3,5,1,3,       4.171298e-07
aab,0,2,3,4,1,3,       -9.296539e-07
ab,0,5,1,5,       -1.033646e-06
ab,0,5,1,4,       -6.236110e-02
ab,0,4,1,5,       -7.753493e-02
ab,0,4,1,4,       -1.082513e-06
ab,0,5,1,3,       5.351771e-02
ab,0,4,1,3,       1.286051e-06
ab,0,3,1,5,       6.655056e-02
ab,0,3,1,4,       2.230878e-06
ab,0,3,1,3,       -2.271703e-06
aab,0,2,4,5,2,5,       7.328422e-08
aab,0,2,4,5,2,4,       -1.625602e-07
aab,0,2,4,5,2,3,       -1.733615e-07
aab,0,2,3,5,2,5,       2.567198e-07
aab,0,2,3,5,2,4,       -3.264287e-07
aab,0,2,3,4,2,5,       -1.530672e-07
aab,0,2,3,4,2,4,       1.059053e-06
aab,0,2,3,5,2,3,       -4.452969e-07
aab,0,2,3,4,2,3,       7.595635e-07
aa,0,2,4,5,       1.300268e-02
aa,0,2,3,5,       1.515278e-02
aa,0,2,3,4,       -2.023707e-06
ab,0,5,2,5,       -1.073362e-06
ab,0,5,2,4,       -5.353642e-02
ab,0,4,2,5,       -6.653909e-02
ab,0,4,2,4,       2.855842e-06
ab,0,5,2,3,       -6.237224e-02
ab,0,4,2,3,       1.344729e-07
ab,0,3,2,5,       -7.752502e-02
ab,0,3,2,4,       2.158180e-06
ab,0,3,2,3,       -1.902241e-06
a,0,5,       -7.110700e-07
a,0,4,       2.857354e-08
a,0,3,       -2.251244e-06
aabb,1,2,4,5,0,1,4,5,       1.435699e-07
aabb,1,2,4,5,0,1,3,5,       -6.173657e-07
aabb,1,2,4,5,0,1,3,4,       5.605610e-02
aabb,1,2,3,5,0,1,4,5,       -6.498523e-07
aabb,1,2,3,4,0,1,4,5,       4.642599e-02
aabb,1,2,3,5,0,1,3,5,       7.751239e-07
aabb,1,2,3,5,0,1,3,4,       -4.811225e-02
aabb,1,2,3,4,0,1,3,5,       -3.985488e-02
aabb,1,2,3,4,0,1,3,4,       -8.729236e-07
aabb,1,2,4,5,0,2,4,5,       7.156865e-07
aabb,1,2,4,5,0,2,3,5,       6.535605e-07
aabb,1,2,4,5,0,2,3,4,       4.813042e-02
aabb,1,2,3,5,0,2,4,5,       -1.663528e-07
aabb,1,2,3,4,0,2,4,5,       3.984965e-02
aabb,1,2,3,5,0,2,3,5,       -3.176707e-07
aabb,1,2,3,5,0,2,3,4,       5.607658e-02
aabb,1,2,3,4,0,2,3,5,       4.643527e-02
aabb,1,2,3,4,0,2,3,4,       1.292368e-06
aab,1,2,4,5,0,5,       -2.302452e-07
aab,1,2,4,5,0,4,       3.515820e-09
aab,1,2,4,5,0,3,       -2.724662e-08
aab,1,2,3,5,0,5,       -8.184515e-08
aab,1,2,3,5,0,4,       -2.529230e-07
aab,1,2,3,4,0,5,       -6.738307e-07
aab,1,2,3,4,0,4,       -3.677158e-07
aab,1,2,3,5,0,3,       2.282743e-08
aab,1,2,3,4,0,3,       -1.803581e-06
ab,1,5,0,5,       -1.033646e-06
ab,1,5,0,4,       -7.753493e-02
ab,1,4,0,5,       -6.236110e-02
ab,1,4,0,4,       -1.082513e-06
ab,1,5,0,3,       6.655056e-02
ab,1,4,0,3,       2.230878e-06
ab,1,3,0,5,       5.351771e-02
ab,1,3,0,4,       1.286051e-06
ab,1,3,0,3,       -2.271703e-06
ab,2,5,0,5,       -1.073362e-06
ab,2,5,0,4,       -6.653909e-02
ab,2,4,0,5,       -5.353642e-02
ab,2,4,0,4,       2.855842e-06
ab,2,5,0,3,       -7.752502e-02
ab,2,4,0,3,       2.158180e-06
ab,2,3,0,5,       -6.237224e-02
ab,2,3,0,4,       1.344729e-07
ab,2,3,0,3,       -1.902241e-06
aabb,1,2,4,5,1,2,4,5,       -1.088729e-02
aabb,1,2,4,5,1,2,3,5,       -4.119368e-06
aabb,1,2,4,5,1,2,3,4,       -1.015868e-06
aabb,1,2,3,5,1,2,4,5,       -4.119368e-06
aabb,1,2,3,4,1,2,4,5,       -1.015868e-06
aabb,1,2,3,5,1,2,3,5,       -1.088196e-02
aabb,1,2,3,5,1,2,3,4,       7.719302e-07
aabb,1,2,3,4,1,2,3,5,       7.719302e-07
aabb,1,2,3,4,1,2,3,4,       -2.340562e-01
aab,1,2,4,5,1,5,       6.290546e-09
aab,1,2,4,5,1,4,       5.156787e-07
aab,1,2,4,5,1,3,       -2.978313e-07
aab,1,2,3,5,1,5,       -6.631664e-08
aab,1,2,3,5,1,4,       -8.374939e-08
aab,1,2,3,4,1,5,       2.140819e-07
aab,1,2,3,4,1,4,       6.246113e-07
aab,1,2,3,5,1,3,       -1.093393e-07
aab,1,2,3,4,1,3,       -2.867835e-07
ab,1,5,1,5,       1.595077e-02
ab,1,5,1,4,       6.446067e-07
ab,1,4,1,5,       6.446067e-07
ab,1,4,1,4,       2.063978e-01
ab,1,5,1,3,       -4.074104e-07
ab,1,4,1,3,       -1.671700e-01
ab,1,3,1,5,       -4.074104e-07
ab,1,3,1,4,       -1.671700e-01
ab,1,3,1,3,       1.550915e-01
aab,1,2,4,5,2,5,       3.738354e-08
aab,1,2,4,5,2,4,       3.050465e-07
aab,1,2,4,5,2,3,       3.711029e-07
aab,1,2,3,5,2,5,       -2.928775e-08
aab,1,2,3,5,2,4,       5.348512e-08
aab,1,2,3,4,2,5,       -3.176178e-07
aab,1,2,3,4,2,4,       2.103926e-07
aab,1,2,3,5,2,3,       -5.871468e-08
aab,1,2,3,4,2,3,       6.333225e-07
aa,1,2,4,5,       -5.544815e-07
aa,1,2,3,5,       1.198249e-06
aa,1,2,3,4,       -8.592389e-02
ab,1,5,2,5,       8.076083e-06
ab,1,5,2,4,       -3.585537e-07
ab,1,4,2,5,       1.959278e-07
ab,1,4,2,4,       1.671873e-01
ab,1,5,2,3,       -8.896719e-07
ab,1,4,2,3,       -1.731118e-02
ab,1,3,2,5,       -2.087921e-06
ab,1,3,2,4,       6.861272e-02
ab,1,3,2,3,       -1.671891e-01
a,1,5,       3.126197e-07
a,1,4,       7.628404e-07
a,1,3,       -7.938778e-07
ab,2,5,1,5,       8.076083e-06
ab,2,5,1,4,       1.959278e-07
ab,2,4,1,5,       -3.585537e-07
ab,2,4,1,4,       1.671873e-01
ab,2,5,1,3,       -2.087921e-06
ab,2,4,1,3,       6.861272e-02
ab,2,3,1,5,       -8.896719e-07
ab,2,3,1,4,       -1.731118e-02
ab,2,3,1,3,       -1.671891e-01
ab,2,5,2,5,       1.593628e-02
ab,2,5,2,4,       1.115961e-06
ab,2,4,2,5,       1.115961e-06
ab,2,4,2,4,       1.551015e-01
ab,2,5,2,3,       1.378520e-06
ab,2,4,2,3,       1.671610e-01
ab,2,3,2,5,       1.378520e-06
ab,2,3,2,4,       1.671610e-01
ab,2,3,2,3,       2.063653e-01
a,2,5,       -4.178889e-07
a,2,4,       7.738267e-07
a,2,3,       8.054750e-07
rf,       -5.964748e-01
