typ,1,2,3,4,5,6,7,8,9
aabb,0,1,4,5,0,1,4,5,       1.268905550524108e-03
aabb,0,1,4,5,0,1,3,5,       4.129822410635815e-04
aabb,0,1,4,5,0,1,3,4,       2.290079167546177e-09
aabb,0,1,3,5,0,1,4,5,       4.129822410635815e-04
aabb,0,1,3,4,0,1,4,5,       2.290079167546177e-09
aabb,0,1,3,5,0,1,3,5,       4.722612789085920e-04
aabb,0,1,3,5,0,1,3,4,       -8.098977689465002e-10
aabb,0,1,3,4,0,1,3,5,       -8.098977689465002e-10
aabb,0,1,3,4,0,1,3,4,       6.201695755112822e-03
aaab,0,1,2,3,4,5,0,5,       5.352043001398558e-04
aaab,0,1,2,3,4,5,0,4,       -3.035578413025081e-09
aaab,0,1,2,3,4,5,0,3,       -3.663770292651505e-09
aabb,0,1,4,5,0,2,4,5,       -4.130643756323931e-04
aabb,0,1,4,5,0,2,3,5,       6.660048081718062e-04
aabb,0,1,4,5,0,2,3,4,       -5.217462351320420e-09
aabb,0,1,3,5,0,2,4,5,       1.308005080319504e-04
aabb,0,1,3,4,0,2,4,5,       -2.181883938295340e-09
aabb,0,1,3,5,0,2,3,5,       4.130644258329674e-04
aabb,0,1,3,5,0,2,3,4,       -2.104471637213106e-09
aabb,0,1,3,4,0,2,3,5,       1.559298655438399e-09
aabb,0,2,4,5,0,1,4,5,       -4.130643756323931e-04
aabb,0,2,4,5,0,1,3,5,       1.308005080319504e-04
aabb,0,2,4,5,0,1,3,4,       -2.181883938295340e-09
aabb,0,2,3,5,0,1,4,5,       6.660048081718062e-04
aabb,0,2,3,4,0,1,4,5,       -5.217462351320420e-09
aabb,0,2,3,5,0,1,3,5,       4.130644258329674e-04
aabb,0,2,3,5,0,1,3,4,       1.559298655438399e-09
aabb,0,2,3,4,0,1,3,5,       -2.104471637213106e-09
aabb,0,2,4,5,0,2,4,5,       4.720983208609712e-04
aabb,0,2,4,5,0,2,3,5,       -4.131783148840616e-04
aabb,0,2,4,5,0,2,3,4,       3.729338084493198e-09
aabb,0,2,3,5,0,2,4,5,       -4.131783148840616e-04
aabb,0,2,3,4,0,2,4,5,       3.729338084493198e-09
aabb,0,2,3,5,0,2,3,5,       1.269120755484276e-03
aabb,0,2,3,5,0,2,3,4,       -9.148274464393327e-09
aabb,0,2,3,4,0,2,3,5,       -9.148274464393327e-09
aabb,0,2,3,4,0,2,3,4,       6.203022385442576e-03
ab,0,5,0,5,       -8.230667183414746e-03
ab,0,5,0,4,       -7.974360850113455e-09
ab,0,4,0,5,       -7.974360850113455e-09
ab,0,4,0,4,       -3.604455755490640e-02
ab,0,5,0,3,       -6.778617033973636e-09
ab,0,4,0,3,       9.946071544516766e-07
ab,0,3,0,5,       -6.778617033973636e-09
ab,0,3,0,4,       9.946071544516766e-07
ab,0,3,0,3,       -3.604647664037381e-02
aaab,0,1,2,3,4,5,1,5,       5.067697330269913e-08
aaab,0,1,2,3,4,5,1,4,       -2.421923485668350e-03
aaab,0,1,2,3,4,5,1,3,       -1.028853706021825e-03
aabb,0,1,4,5,1,2,4,5,       -3.452154339796193e-08
aabb,0,1,4,5,1,2,3,5,       5.869825020280205e-08
aabb,0,1,4,5,1,2,3,4,       -1.343503100068562e-03
aabb,0,1,3,5,1,2,4,5,       8.021276900102916e-09
aabb,0,1,3,4,1,2,4,5,       1.078420385599788e-03
aabb,0,1,3,5,1,2,3,5,       3.385002200165186e-08
aabb,0,1,3,5,1,2,3,4,       -5.707529808543476e-04
aabb,0,1,3,4,1,2,3,5,       4.581007251674772e-04
aabb,0,1,3,4,1,2,3,4,       -1.130665576657093e-08
aaab,0,1,2,3,4,5,2,5,       -4.545753993755611e-10
aaab,0,1,2,3,4,5,2,4,       1.028401880407826e-03
aaab,0,1,2,3,4,5,2,3,       -2.421009797003893e-03
aa,0,1,4,5,       8.342846211082527e-03
aa,0,1,3,5,       3.544334109003218e-03
aa,0,1,3,4,       -1.555879421720184e-08
aabb,0,2,4,5,1,2,4,5,       1.086593979272385e-09
aabb,0,2,4,5,1,2,3,5,       -1.636033699562932e-08
aabb,0,2,4,5,1,2,3,4,       5.711632104071627e-04
aabb,0,2,3,5,1,2,4,5,       -1.590576159625376e-08
aabb,0,2,3,4,1,2,4,5,       -4.572386700006632e-04
aabb,0,2,3,5,1,2,3,5,       3.298204810696744e-08
aabb,0,2,3,5,1,2,3,4,       -1.344539088725360e-03
aabb,0,2,3,4,1,2,3,5,       1.076470708278533e-03
aabb,0,2,3,4,1,2,3,4,       -2.487602907311430e-08
ab,0,5,1,5,       6.370950775170613e-08
ab,0,5,1,4,       2.312656304576428e-03
ab,0,4,1,5,       -6.030189906506100e-03
ab,0,4,1,4,       -3.268727990632278e-08
ab,0,5,1,3,       9.825228552328526e-04
ab,0,4,1,3,       -1.707453190113451e-08
ab,0,3,1,5,       -2.561811253770365e-03
ab,0,3,1,4,       -1.515737683932667e-09
ab,0,3,1,3,       1.621314766701460e-08
aa,0,2,4,5,       -3.544951977158703e-03
aa,0,2,3,5,       8.344130024538363e-03
aa,0,2,3,4,       -3.556071428296317e-08
ab,0,5,2,5,       9.914576675942399e-10
ab,0,5,2,4,       -9.834459839468297e-04
ab,0,4,2,5,       2.561505993211873e-03
ab,0,4,2,4,       2.273346767138512e-08
ab,0,5,2,3,       2.314498952429672e-03
ab,0,4,2,3,       -4.641600403836585e-08
ab,0,3,2,5,       -6.029631072108690e-03
ab,0,3,2,4,       -1.085528975540267e-08
ab,0,3,2,3,       -4.538591781585546e-09
aabb,1,2,4,5,0,1,4,5,       -3.452154339796193e-08
aabb,1,2,4,5,0,1,3,5,       8.021276900102916e-09
aabb,1,2,4,5,0,1,3,4,       1.078420385599788e-03
aabb,1,2,3,5,0,1,4,5,       5.869825020280205e-08
aabb,1,2,3,4,0,1,4,5,       -1.343503100068562e-03
aabb,1,2,3,5,0,1,3,5,       3.385002200165186e-08
aabb,1,2,3,5,0,1,3,4,       4.581007251674772e-04
aabb,1,2,3,4,0,1,3,5,       -5.707529808543476e-04
aabb,1,2,3,4,0,1,3,4,       -1.130665576657093e-08
aabb,1,2,4,5,0,2,4,5,       1.086593979272385e-09
aabb,1,2,4,5,0,2,3,5,       -1.590576159625376e-08
aabb,1,2,4,5,0,2,3,4,       -4.572386700006632e-04
aabb,1,2,3,5,0,2,4,5,       -1.636033699562932e-08
aabb,1,2,3,4,0,2,4,5,       5.711632104071627e-04
aabb,1,2,3,5,0,2,3,5,       3.298204810696744e-08
aabb,1,2,3,5,0,2,3,4,       1.076470708278533e-03
aabb,1,2,3,4,0,2,3,5,       -1.344539088725360e-03
aabb,1,2,3,4,0,2,3,4,       -2.487602907311430e-08
ab,1,5,0,5,       6.370950775170613e-08
ab,1,5,0,4,       -6.030189906506100e-03
ab,1,4,0,5,       2.312656304576428e-03
ab,1,4,0,4,       -3.268727990632278e-08
ab,1,5,0,3,       -2.561811253770365e-03
ab,1,4,0,3,       -1.515737683932667e-09
ab,1,3,0,5,       9.825228552328526e-04
ab,1,3,0,4,       -1.707453190113451e-08
ab,1,3,0,3,       1.621314766701460e-08
ab,2,5,0,5,       9.914576675942399e-10
ab,2,5,0,4,       2.561505993211873e-03
ab,2,4,0,5,       -9.834459839468297e-04
ab,2,4,0,4,       2.273346767138512e-08
ab,2,5,0,3,       -6.029631072108690e-03
ab,2,4,0,3,       -1.085528975540267e-08
ab,2,3,0,5,       2.314498952429672e-03
ab,2,3,0,4,       -4.641600403836585e-08
ab,2,3,0,3,       -4.538591781585546e-09
aabb,1,2,4,5,1,2,4,5,       4.991707286376164e-04
aabb,1,2,4,5,1,2,3,5,       -1.479831382451505e-07
aabb,1,2,4,5,1,2,3,4,       -3.323263214721112e-09
aabb,1,2,3,5,1,2,4,5,       -1.479831382451505e-07
aabb,1,2,3,4,1,2,4,5,       -3.323263214721112e-09
aabb,1,2,3,5,1,2,3,5,       4.994558046475782e-04
aabb,1,2,3,5,1,2,3,4,       1.026726434936769e-09
aabb,1,2,3,4,1,2,3,5,       1.026726434936769e-09
aabb,1,2,3,4,1,2,3,4,       4.380321752742798e-02
ab,1,5,1,5,       -3.668803881388500e-03
ab,1,5,1,4,       3.236716447157702e-09
ab,1,4,1,5,       3.236716447157702e-09
ab,1,4,1,4,       -1.184805805406967e-01
ab,1,5,1,3,       7.462009137578500e-10
ab,1,4,1,3,       -4.277374217716975e-02
ab,1,3,1,5,       7.462009137578500e-10
ab,1,3,1,4,       -4.277374217716975e-02
ab,1,3,1,3,       -3.596983410683351e-02
aa,1,2,4,5,       -2.279796382110192e-09
aa,1,2,3,5,       -4.325732348893717e-09
aa,1,2,3,4,       -5.856454438530989e-02
ab,1,5,2,5,       2.134046569261380e-11
ab,1,5,2,4,       2.641135677089157e-10
ab,1,4,2,5,       2.543909949819108e-09
ab,1,4,2,4,       4.277584776151938e-02
ab,1,5,2,3,       1.058006758204492e-09
ab,1,4,2,3,       -7.053969653624680e-02
ab,1,3,2,5,       5.383739107098209e-09
ab,1,3,2,4,       -1.197515215093690e-02
ab,1,3,2,3,       -4.277584746576430e-02
ab,2,5,1,5,       2.134046569261380e-11
ab,2,5,1,4,       2.543909949819108e-09
ab,2,4,1,5,       2.641135677089157e-10
ab,2,4,1,4,       4.277584776151938e-02
ab,2,5,1,3,       5.383739107098209e-09
ab,2,4,1,3,       -1.197515215093690e-02
ab,2,3,1,5,       1.058006758204492e-09
ab,2,3,1,4,       -7.053969653624680e-02
ab,2,3,1,3,       -4.277584746576430e-02
ab,2,5,2,5,       -3.671025936106397e-03
ab,2,5,2,4,       -3.541660468301289e-09
ab,2,4,2,5,       -3.541660468301289e-09
ab,2,4,2,4,       -3.596823048980997e-02
ab,2,5,2,3,       2.758926743433181e-09
ab,2,4,2,3,       4.277684302115950e-02
ab,2,3,2,5,       2.758926743433181e-09
ab,2,3,2,4,       4.277684302115950e-02
ab,2,3,2,3,       -1.184849602919197e-01
rf,       9.655757124304593e-01
