typ,1,2,3,4,5,6,7,8,9
aabb,0,1,4,5,0,1,4,5,       1.788072630658967e-03
aabb,0,1,4,5,0,1,3,5,       -2.086108543844797e-02
aabb,0,1,4,5,0,1,3,4,       -1.095563565178872e-06
aabb,0,1,3,5,0,1,4,5,       -2.086108543844797e-02
aabb,0,1,3,4,0,1,4,5,       -1.095563565178872e-06
aabb,0,1,3,5,0,1,3,5,       2.443169962954919e-01
aabb,0,1,3,5,0,1,3,4,       -8.332778266243585e-07
aabb,0,1,3,4,0,1,3,5,       -8.332778266243585e-07
aabb,0,1,3,4,0,1,3,4,       4.589389681756473e-05
aaab,0,1,2,3,4,5,0,5,       -8.206791155102500e-02
aaab,0,1,2,3,4,5,0,4,       3.448840048506824e-07
aaab,0,1,2,3,4,5,0,3,       4.174646593066051e-06
aabb,0,1,4,5,0,2,4,5,       2.087115122239525e-02
aabb,0,1,4,5,0,2,3,5,       -1.623618939871806e-01
aabb,0,1,4,5,0,2,3,4,       7.673127758795100e-07
aabb,0,1,3,5,0,2,4,5,       -8.029398243615564e-02
aabb,0,1,3,4,0,2,4,5,       4.224287710288310e-07
aabb,0,1,3,5,0,2,3,5,       -2.087056666759821e-02
aabb,0,1,3,5,0,2,3,4,       -3.909493840425988e-06
aabb,0,1,3,4,0,2,3,5,       -8.084140433491993e-06
aabb,0,1,3,4,0,2,3,4,       -3.354435649647889e-06
aab,0,1,4,5,0,5,       4.468761304159789e-06
aab,0,1,4,5,0,4,       8.344947848985884e-06
aab,0,1,4,5,0,3,       1.772768313605662e-07
aab,0,1,3,5,0,5,       6.502311491390802e-06
aab,0,1,3,5,0,4,       3.340368637102138e-06
aab,0,1,3,4,0,5,       3.163091805741572e-06
aab,0,1,3,4,0,4,       -5.943249731350019e-07
aab,0,1,3,5,0,3,       1.808548484847090e-06
aab,0,1,3,4,0,3,       5.764067153280034e-06
aabb,0,2,4,5,0,1,4,5,       2.087115122239525e-02
aabb,0,2,4,5,0,1,3,5,       -8.029398243615564e-02
aabb,0,2,4,5,0,1,3,4,       4.224287710288310e-07
aabb,0,2,3,5,0,1,4,5,       -1.623618939871806e-01
aabb,0,2,3,4,0,1,4,5,       7.673127758795100e-07
aabb,0,2,3,5,0,1,3,5,       -2.087056666759821e-02
aabb,0,2,3,5,0,1,3,4,       -8.084140433491993e-06
aabb,0,2,3,4,0,1,3,5,       -3.909493840425988e-06
aabb,0,2,3,4,0,1,3,4,       -3.354435649647889e-06
aabb,0,2,4,5,0,2,4,5,       2.443306275535914e-01
aabb,0,2,4,5,0,2,3,5,       2.086108872057528e-02
aabb,0,2,4,5,0,2,3,4,       2.246378977814281e-06
aabb,0,2,3,5,0,2,4,5,       2.086108872057528e-02
aabb,0,2,3,4,0,2,4,5,       2.246378977814281e-06
aabb,0,2,3,5,0,2,3,5,       1.781247901589950e-03
aabb,0,2,3,5,0,2,3,4,       3.367387936351989e-07
aabb,0,2,3,4,0,2,3,5,       3.367387936351989e-07
aabb,0,2,3,4,0,2,3,4,       2.069348105901281e-05
aab,0,2,4,5,0,5,       -5.607942804588224e-06
aab,0,2,4,5,0,4,       2.403965395488617e-06
aab,0,2,4,5,0,3,       5.147765547514153e-07
aab,0,2,3,5,0,5,       -2.530482286695638e-06
aab,0,2,3,5,0,4,       4.578088480978226e-07
aab,0,2,3,4,0,5,       -5.696770665359278e-08
aab,0,2,3,4,0,4,       -2.958388510883764e-06
aab,0,2,3,5,0,3,       -6.536547718899244e-06
aab,0,2,3,4,0,3,       4.677497272834384e-06
ab,0,5,0,5,       -2.470203488666353e-01
ab,0,5,0,4,       -6.091103600631990e-07
ab,0,4,0,5,       -6.091103600631990e-07
ab,0,4,0,4,       -3.792990225308572e-05
ab,0,5,0,3,       2.321103110848691e-06
ab,0,4,0,3,       -1.049827606862481e-06
ab,0,3,0,5,       2.321103110848691e-06
ab,0,3,0,4,       -1.049827606862481e-06
ab,0,3,0,3,       -3.929607320481284e-05
aaab,0,1,2,3,4,5,1,5,       1.198104752780615e-06
aaab,0,1,2,3,4,5,1,4,       7.069069287309620e-03
aaab,0,1,2,3,4,5,1,3,       -8.279755425020681e-02
aabb,0,1,4,5,1,2,4,5,       3.130469045463629e-07
aabb,0,1,4,5,1,2,3,5,       1.657046853474807e-06
aabb,0,1,4,5,1,2,3,4,       -7.072052540010206e-03
aabb,0,1,3,5,1,2,4,5,       4.589421006941912e-07
aabb,0,1,3,4,1,2,4,5,       -1.414112182731983e-02
aabb,0,1,3,5,1,2,3,5,       2.657953669083457e-07
aabb,0,1,3,5,1,2,3,4,       8.283654068763784e-02
aabb,0,1,3,4,1,2,3,5,       1.656340949378446e-01
aabb,0,1,3,4,1,2,3,4,       -6.291480511084048e-07
aab,0,1,4,5,1,5,       4.714759565782006e-07
aab,0,1,4,5,1,4,       -5.357927733956457e-06
aab,0,1,4,5,1,3,       -5.777101962846144e-06
aab,0,1,3,5,1,5,       -3.457425150742419e-06
aab,0,1,3,5,1,4,       2.294722878353543e-06
aab,0,1,3,4,1,5,       8.071824841199687e-06
aab,0,1,3,4,1,4,       4.050357971802562e-06
aab,0,1,3,5,1,3,       7.910859999746605e-06
aab,0,1,3,4,1,3,       -1.202090655630630e-06
aaab,0,1,2,3,4,5,2,5,       1.081199853136548e-07
aaab,0,1,2,3,4,5,2,4,       8.286731905904128e-02
aaab,0,1,2,3,4,5,2,3,       7.075331824765848e-03
aaa,0,1,2,3,4,5,       -7.095794968266607e-06
aab,0,1,4,5,2,5,       3.876234688461933e-07
aab,0,1,4,5,2,4,       -8.819533793747346e-06
aab,0,1,4,5,2,3,       -1.852012475365592e-06
aab,0,1,3,5,2,5,       1.891723436234050e-06
aab,0,1,3,5,2,4,       9.967775230590825e-07
aab,0,1,3,4,2,5,       -4.247004969841934e-06
aab,0,1,3,4,2,4,       2.055166589159918e-07
aab,0,1,3,5,2,3,       -7.968245833687881e-06
aab,0,1,3,4,2,3,       4.574739273348127e-07
aa,0,1,4,5,       -7.101438012717533e-03
aa,0,1,3,5,       8.317668992277698e-02
aa,0,1,3,4,       1.184080518174801e-06
aabb,0,2,4,5,1,2,4,5,       -1.095324555322062e-06
aabb,0,2,4,5,1,2,3,5,       -3.634734530817564e-07
aabb,0,2,4,5,1,2,3,4,       -8.287338841718550e-02
aabb,0,2,3,5,1,2,4,5,       -4.715934383954141e-07
aabb,0,2,3,4,1,2,4,5,       -1.657407074762268e-01
aabb,0,2,3,5,1,2,3,5,       7.339720253483784e-07
aabb,0,2,3,5,1,2,3,4,       -7.077031742084492e-03
aabb,0,2,3,4,1,2,3,5,       -1.415236356685034e-02
aabb,0,2,3,4,1,2,3,4,       -4.008238470408291e-06
aab,0,2,4,5,1,5,       8.664519392862595e-07
aab,0,2,4,5,1,4,       -1.809713979789849e-06
aab,0,2,4,5,1,3,       -3.865559937761966e-06
aab,0,2,3,5,1,5,       3.834481508774246e-06
aab,0,2,3,5,1,4,       -1.814077120863615e-06
aab,0,2,3,4,1,5,       9.147277785164958e-06
aab,0,2,3,4,1,4,       4.378980823414585e-06
aab,0,2,3,5,1,3,       1.680345177322755e-06
aab,0,2,3,4,1,3,       3.712860613596531e-06
ab,0,5,1,5,       -3.781738049491365e-07
ab,0,5,1,4,       7.104315883068470e-03
ab,0,4,1,5,       1.420575389578600e-02
ab,0,4,1,4,       6.072765599248709e-07
ab,0,5,1,3,       -8.318803986552904e-02
ab,0,4,1,3,       -6.707107264445953e-08
ab,0,3,1,5,       -1.663647297883060e-01
ab,0,3,1,4,       -1.251151590819262e-06
ab,0,3,1,3,       3.768357919198328e-06
aab,0,2,4,5,2,5,       5.647585550997931e-06
aab,0,2,4,5,2,4,       7.044875736158446e-06
aab,0,2,4,5,2,3,       3.741070697847475e-06
aab,0,2,3,5,2,5,       3.510920043867985e-06
aab,0,2,3,5,2,4,       5.370171355055151e-06
aab,0,2,3,4,2,5,       1.629100657207676e-06
aab,0,2,3,4,2,4,       3.636549830066595e-06
aab,0,2,3,5,2,3,       4.803739056129158e-06
aab,0,2,3,4,2,3,       3.931531906618654e-06
aa,0,2,4,5,       -8.310673572662552e-02
aa,0,2,3,5,       -7.095657377077479e-03
aa,0,2,3,4,       -1.829719720176647e-06
ab,0,5,2,5,       -1.179688976142866e-07
ab,0,5,2,4,       8.315215896273477e-02
ab,0,4,2,5,       1.662588946893603e-01
ab,0,4,2,4,       9.608909085395736e-07
ab,0,5,2,3,       7.099088431195577e-03
ab,0,4,2,3,       -3.351450856110324e-06
ab,0,3,2,5,       1.419474580827305e-02
ab,0,3,2,4,       -1.521731135933655e-06
ab,0,3,2,3,       -5.920670258884958e-07
a,0,5,       -4.511172492221795e-06
a,0,4,       1.048755776903773e-06
a,0,3,       -4.586725993389773e-07
aabb,1,2,4,5,0,1,4,5,       3.130469045463629e-07
aabb,1,2,4,5,0,1,3,5,       4.589421006941912e-07
aabb,1,2,4,5,0,1,3,4,       -1.414112182731983e-02
aabb,1,2,3,5,0,1,4,5,       1.657046853474807e-06
aabb,1,2,3,4,0,1,4,5,       -7.072052540010206e-03
aabb,1,2,3,5,0,1,3,5,       2.657953669083457e-07
aabb,1,2,3,5,0,1,3,4,       1.656340949378446e-01
aabb,1,2,3,4,0,1,3,5,       8.283654068763784e-02
aabb,1,2,3,4,0,1,3,4,       -6.291480511084048e-07
aabb,1,2,4,5,0,2,4,5,       -1.095324555322062e-06
aabb,1,2,4,5,0,2,3,5,       -4.715934383954141e-07
aabb,1,2,4,5,0,2,3,4,       -1.657407074762268e-01
aabb,1,2,3,5,0,2,4,5,       -3.634734530817564e-07
aabb,1,2,3,4,0,2,4,5,       -8.287338841718550e-02
aabb,1,2,3,5,0,2,3,5,       7.339720253483784e-07
aabb,1,2,3,5,0,2,3,4,       -1.415236356685034e-02
aabb,1,2,3,4,0,2,3,5,       -7.077031742084492e-03
aabb,1,2,3,4,0,2,3,4,       -4.008238470408291e-06
aab,1,2,4,5,0,5,       4.788284704400659e-07
aab,1,2,4,5,0,4,       7.009819813957497e-06
aab,1,2,4,5,0,3,       -9.109342430662983e-06
aab,1,2,3,5,0,5,       1.942758072540197e-06
aab,1,2,3,5,0,4,       4.284940324343909e-06
aab,1,2,3,4,0,5,       6.298487786740284e-06
aab,1,2,3,4,0,4,       4.173464164498593e-06
aab,1,2,3,5,0,3,       9.648591011010635e-06
aab,1,2,3,4,0,3,       3.255386686261719e-06
ab,1,5,0,5,       -3.781738049491365e-07
ab,1,5,0,4,       1.420575389578600e-02
ab,1,4,0,5,       7.104315883068470e-03
ab,1,4,0,4,       6.072765599248709e-07
ab,1,5,0,3,       -1.663647297883060e-01
ab,1,4,0,3,       -1.251151590819262e-06
ab,1,3,0,5,       -8.318803986552904e-02
ab,1,3,0,4,       -6.707107264445953e-08
ab,1,3,0,3,       3.768357919198328e-06
ab,2,5,0,5,       -1.179688976142866e-07
ab,2,5,0,4,       1.662588946893603e-01
ab,2,4,0,5,       8.315215896273477e-02
ab,2,4,0,4,       9.608909085395736e-07
ab,2,5,0,3,       1.419474580827305e-02
ab,2,4,0,3,       -1.521731135933655e-06
ab,2,3,0,5,       7.099088431195577e-03
ab,2,3,0,4,       -3.351450856110324e-06
ab,2,3,0,3,       -5.920670258884958e-07
aabb,1,2,4,5,1,2,4,5,       3.471358602489462e-05
aabb,1,2,4,5,1,2,3,5,       -2.014206528673443e-06
aabb,1,2,4,5,1,2,3,4,       4.866241661740379e-07
aabb,1,2,3,5,1,2,4,5,       -2.014206528673443e-06
aabb,1,2,3,4,1,2,4,5,       4.866241661740379e-07
aabb,1,2,3,5,1,2,3,5,       4.048114433330767e-05
aabb,1,2,3,5,1,2,3,4,       2.323357090214128e-07
aabb,1,2,3,4,1,2,3,5,       2.323357090214128e-07
aabb,1,2,3,4,1,2,3,4,       2.529100179114208e-01
aab,1,2,4,5,1,5,       -4.237915420856339e-06
aab,1,2,4,5,1,4,       1.788511965271785e-06
aab,1,2,4,5,1,3,       -2.108084072265825e-06
aab,1,2,3,5,1,5,       7.947122369549353e-07
aab,1,2,3,5,1,4,       3.614311745316040e-06
aab,1,2,3,4,1,5,       5.722395817581864e-06
aab,1,2,3,4,1,4,       8.328787416409676e-06
aab,1,2,3,5,1,3,       -2.228616466633779e-06
aab,1,2,3,4,1,3,       9.627921637628702e-06
ab,1,5,1,5,       -2.922317860044999e-05
ab,1,5,1,4,       6.358154966822104e-07
ab,1,4,1,5,       6.358154966822104e-07
ab,1,4,1,4,       -1.842923400843636e-03
ab,1,5,1,3,       -8.355148495288817e-07
ab,1,4,1,3,       2.151952204238754e-02
ab,1,3,1,5,       -8.355148495288817e-07
ab,1,3,1,4,       2.151952204238754e-02
ab,1,3,1,3,       -2.520474503820548e-01
aab,1,2,4,5,2,5,       -3.273423840050512e-06
aab,1,2,4,5,2,4,       -1.742415564779846e-06
aab,1,2,4,5,2,3,       -3.089508855909585e-06
aab,1,2,3,5,2,5,       2.587869162304769e-06
aab,1,2,3,5,2,4,       5.008825579406898e-07
aab,1,2,3,4,2,5,       3.590391413850275e-06
aab,1,2,3,4,2,4,       -6.350411916754607e-06
aab,1,2,3,5,2,3,       -2.655495764865521e-06
aab,1,2,3,4,2,3,       -1.465816758064021e-05
aa,1,2,4,5,       2.050072498751672e-06
aa,1,2,3,5,       -6.168933580497617e-08
aa,1,2,3,4,       8.465530507786127e-02
ab,1,5,2,5,       -3.226575858359695e-06
ab,1,5,2,4,       -3.431362914555182e-06
ab,1,4,2,5,       -5.481435413306850e-06
ab,1,4,2,4,       -2.152925671447120e-02
ab,1,5,2,3,       -7.430365912240676e-07
ab,1,4,2,3,       1.674865015566438e-01
ab,1,3,2,5,       -6.813472554190901e-07
ab,1,3,2,4,       8.283119647878251e-02
ab,1,3,2,3,       2.152997311234304e-02
a,1,5,       -2.800202686852713e-06
a,1,4,       -1.227133117452434e-05
a,1,3,       -9.222345649648475e-06
ab,2,5,1,5,       -3.226575858359695e-06
ab,2,5,1,4,       -5.481435413306850e-06
ab,2,4,1,5,       -3.431362914555182e-06
ab,2,4,1,4,       -2.152925671447120e-02
ab,2,5,1,3,       -6.813472554190901e-07
ab,2,4,1,3,       8.283119647878251e-02
ab,2,3,1,5,       -7.430365912240676e-07
ab,2,3,1,4,       1.674865015566438e-01
ab,2,3,1,3,       2.152997311234304e-02
ab,2,5,2,5,       -3.871891096600321e-05
ab,2,5,2,4,       -2.300047689641502e-07
ab,2,4,2,5,       -2.300047689641502e-07
ab,2,4,2,4,       -2.520075646272062e-01
ab,2,5,2,3,       7.351283176914183e-07
ab,2,4,2,3,       -2.151783319366801e-02
ab,2,3,2,5,       7.351283176914183e-07
ab,2,3,2,4,       -2.151783319366801e-02
ab,2,3,2,3,       -1.839830121095040e-03
a,2,5,       -2.220247948336811e-06
a,2,4,       1.716944273815189e-06
a,2,3,       9.645423752809035e-06
rf,       2.548259561735197e-01
