#INFO: **** input file is /home/slee89/pyscf-374/examples/dmrg/31-cr2_scan/cr2-scan.py ****
#!/usr/bin/env python

'''
Scanning Cr2 molecule dissociation curve with regular CASSCF module (see
examples/mcscf/31-cr2_scan) is not a difficult task.  The calculation becomes
challenge when large active space is required in the DMRG-CASSCF (or
FCIQMC-CASSCF, SHCI-CASSCF) methods.  In this example, we demonstrated
how to solve the following problems when running a CAS(12,42) curve scanning:
1. How to increase the size of active space from a small CASSCF calculation.
2. How to project the active space from one point to another
'''

import os
import numpy as np
from shutil import copyfile
from pyscf import gto, scf, mcscf, lib, symm
from pyscf.dmrgscf import DMRGSCF, settings

settings.MPIPREFIX = 'mpirun -np 8'

def run(b, dm_guess, mo_guess, ci=None):
    mol = gto.Mole()
    mol.verbose = 5
    mol.output = 'cr2-%3.2f.out' % b
    mol.atom = [
        ['Cr',(  0.,  0., -b/2)],
        ['Cr',(  0.,  0.,  b/2)],
    ]
    mol.basis = 'ccpvdzdk'
    mol.symmetry = True
    mol.build()

    mf = scf.RHF(mol).x2c()
    mf.max_cycle = 100
    mf.conv_tol = 1e-9
    mf.kernel(dm_guess)

#---------------------
# CAS(12,12)
#
# The active space of CAS(12,42) can be generated by function sort_mo_by_irrep,
# or AVAS, dmet_cas methods.  Here we first run a CAS(12,12) calculation and
# using the lowest CASSCF canonicalized orbitals in the CAS(12,42) calculation
# as the core and valence orbitals.
    mc = mcscf.CASSCF(mf, 12, 12)
    if mo_guess is None:
# the initial guess for first calculation
        ncas = {'A1g' : 2, 'E1gx' : 1, 'E1gy' : 1, 'E2gx' : 1, 'E2gy' : 1,
                'A1u' : 2, 'E1ux' : 1, 'E1uy' : 1, 'E2ux' : 1, 'E2uy' : 1}
        mo_guess = mc.sort_mo_by_irrep(ncas)
    else:
        mo_guess = mcscf.project_init_guess(mc, mo_guess)

# Projection may destroy the spatial symmetry of the MCSCF orbitals.
        try:
            print('Irreps of the projected CAS(12,12) orbitals',
                  symm.label_orb_symm(mol, mol.irrep_id, mol.symm_orb, mo_guess))
        except:
            print('Projected CAS(12,12) orbitals does not have right symmetry')

# FCI solver with multi-threads is not stable enough for this sytem
    mc.fcisolver.threads = 1
# To avoid spin contamination
    mc.fix_spin_()
# By default, canonicalization as well as the CASSCF optimization do not
# change the orbital symmetry labels. "Orbital energy" mc.mo_energy, the
# diagonal elements of the general fock matrix, may have wrong ordering.
# To use the lowest CASSCF orbitals as the core + active orbitals in the next
# step, we have to sort the orbitals based on the "orbital energy". This
# operation will change the orbital symmetry labels.
    mc.sorting_mo_energy = True
# "mc.natorb = True" will transform the active space, to its natural orbital
# representation.  By default, the active space orbitals are NOT reordered
# even the option sorting_mo_energy is enabled.  Transforming the active space
# orbitals is a dangerous operation because it needs also to update the CI
# wavefunction. For DMRG solver (or other approximate FCI solver), the CI
# wavefunction may not be able to consistently converged and it leads to
# inconsistency between the orbital space and the CI wavefunction
# representations.  Unless required by the following CAS calculation, setting
# mc.natorb=True should be avoided
#    mc.natorb = True

    mc.kernel(mo_guess, ci)
    mc.analyze()

#---------------------
# CAS(12,42)
#
# Using the lowest CASSCF canonicalized orbitals in the CAS(12,42) DMRG-CASSCF
# calculation.
    norb = 42
    nelec = 12
    mc1 = DMRGSCF(mf, norb, nelec)
    mc1.fcisolver.maxM = 4000

# Enable internal rotation since the bond dimension of DMRG calculation is
# small, the active space energy can be optimized wrt to the orbital rotation
# within the active space.
    mc1.internal_rotation = True
# Sorting the orbital energy is not a step of must here.
#    mc1.sorting_mo_energy = True
#    mc1.natorb = True

    mc1.kernel(mc.mo_coeff)

# Passing the results as an initial guess to the next point.
    return mf.make_rdm1(), mc.mo_coeff, mc.ci

dm = mo = ci = None
for b in np.arange(1.6, 3.5, 0.2):
    dm, mo, ci = run(b, dm, mo, ci)
#INFO: ******************** input file end ********************


System: uname_result(system='Linux', node='pauling', release='3.10.0-327.36.3.el7.x86_64', version='#1 SMP Thu Oct 20 04:56:07 EDT 2016', machine='x86_64', processor='x86_64')  Threads 56
Python 3.7.4 (default, Aug 13 2019, 20:35:49) 
[GCC 7.3.0]
numpy 1.17.2  scipy 1.3.1
Date: Mon Apr 27 16:17:48 2020
PySCF version 1.7.1
PySCF path  /home/slee89/pyscf-374/pyscf
GIT HEAD      ref: refs/heads/master
GIT master branch  b595d32fe712294031419ae742a818068914ec68

[CONFIG] conf_file None
[INPUT] verbose = 5
[INPUT] max_memory = 4000 
[INPUT] num. atoms = 2
[INPUT] num. electrons = 48
[INPUT] charge = 0
[INPUT] spin (= nelec alpha-beta = 2S) = 0
[INPUT] symmetry True subgroup None
[INPUT] Mole.unit = angstrom
[INPUT]  1 Cr     0.000000000000   0.000000000000  -0.800000000000 AA    0.000000000000   0.000000000000  -1.511780899652 Bohr
[INPUT]  2 Cr     0.000000000000   0.000000000000   0.800000000000 AA    0.000000000000   0.000000000000   1.511780899652 Bohr
[INPUT] ---------------- BASIS SET ---------------- 
[INPUT] l, kappa, [nprim/nctr], expnt,             c_1 c_2 ...
[INPUT] Cr
[INPUT] 0    0    [19   /5   ]  6177194           8.4e-05 -4.6e-05 1e-05 -2e-06 4e-06
                                924929.5          0.000241 -0.000134 2.9e-05 -7e-06 1.3e-05
                                210486.5          0.000658 -0.000364 7.8e-05 -1.8e-05 3.6e-05
                                59620.05          0.001673 -0.000927 0.0002 -4.5e-05 8.8e-05
                                19450.76          0.004248 -0.002361 0.000511 -0.000117 0.000239
                                7022.056          0.010889 -0.006076 0.001317 -0.000298 0.000557
                                2738.763          0.027859 -0.015723 0.003447 -0.00079 0.001682
                                1135.814          0.067888 -0.039078 0.008668 -0.001957 0.00349
                                495.0923          0.146802 -0.088711 0.020495 -0.004725 0.010512
                                224.7487          0.255623 -0.170112 0.041701 -0.009368 0.015392
                                105.3836          0.298408 -0.247298 0.0693 -0.01625 0.040277
                                50.19359          0.17456 -0.186381 0.058189 -0.012549 0.007394
                                22.24957          0.06969 0.158439 -0.076181 0.01555 0.014057
                                10.98265          0.114184 0.548125 -0.356138 0.091691 -0.293673
                                5.383665          0.08407 0.388579 -0.372651 0.085426 0.00301
                                2.343685          0.009926 0.049281 0.283803 -0.06625 -0.17585
                                1.105202          -0.000316 -0.004305 0.714934 -0.286852 1.500646
                                0.487848          5.9e-05 0.000111 0.290876 -0.170303 -1.12694
                                0.089599          1.6e-05 -2.7e-05 0.006909 0.696726 -1.227088
[INPUT] 0    0    [1    /1   ]  0.033423             1
[INPUT] 1    0    [15   /4   ]  14454.2           0.000115 -4e-05 9e-06 1.2e-05
                                3421.676          0.00056 -0.000194 4.6e-05 5.9e-05
                                1111.387          0.002653 -0.000922 0.000219 0.000277
                                425.1918          0.010612 -0.003711 0.000878 0.001121
                                180.2623          0.035867 -0.012706 0.00303 0.00382
                                82.06117          0.099324 -0.036121 0.008568 0.01094
                                39.29726          0.213525 -0.08054 0.019343 0.024301
                                19.41959          0.333997 -0.132312 0.03156 0.040594
                                9.828899          0.328292 -0.134035 0.033056 0.040773
                                5.01681           0.150582 0.034707 -0.01359 -0.01344
                                2.487091          0.020002 0.33563 -0.094009 -0.121106
                                1.19878           -0.001563 0.461278 -0.149847 -0.182737
                                0.558695          -0.001291 0.278573 -0.065716 -0.120072
                                0.209366          -0.000212 0.041221 0.271174 0.444952
                                0.084722          2.4e-05 -0.0038 0.575059 0.641343
[INPUT] 1    0    [1    /1   ]  0.033278             1
[INPUT] 2    0    [7    /2   ]  89.4745           0.003617 -0.004124
                                26.3368           0.025539 -0.029098
                                9.53429           0.096834 -0.114316
                                3.82118           0.235122 -0.271958
                                1.57169           0.357446 -0.316273
                                0.626422          0.36916 0.037457
                                0.233055          0.238078 0.589482
[INPUT] 2    0    [1    /1   ]  0.076303             1
[INPUT] 3    0    [2    /1   ]  2.2211            0.423545
                                0.5231            0.774114

nuclear repulsion = 190.5037959312
point group symmetry = Dooh
num. orbitals of irrep A1g = 15
num. orbitals of irrep E1gx = 9
num. orbitals of irrep E1gy = 9
num. orbitals of irrep A1u = 15
num. orbitals of irrep E1uy = 9
num. orbitals of irrep E1ux = 9
num. orbitals of irrep E2gx = 4
num. orbitals of irrep E2gy = 4
num. orbitals of irrep E3gx = 1
num. orbitals of irrep E3gy = 1
num. orbitals of irrep E2uy = 4
num. orbitals of irrep E2ux = 4
num. orbitals of irrep E3uy = 1
num. orbitals of irrep E3ux = 1
number of shells = 14
number of NR pGTOs = 244
number of NR cGTOs = 86
basis = ccpvdzdk
ecp = {}
CPU time:         0.33


******** <class 'pyscf.x2c.sfx2c1e.sfx2c1e.<locals>.SFX2C1E_SCF'> ********
method = SFX2C1E_SCF-SymAdaptedRHF-RHF
initial guess = minao
damping factor = 0
level_shift factor = 0
DIIS = <class 'pyscf.scf.diis.CDIIS'>
diis_start_cycle = 1
diis_space = 8
SCF conv_tol = 1e-09
SCF conv_tol_grad = None
SCF max_cycles = 100
direct_scf = True
direct_scf_tol = 1e-13
chkfile to save SCF result = /home/slee89/pyscf-374/examples/dmrg/31-cr2_scan/tmp6jo3fj73
max_memory 4000 MB (current use 75 MB)


******** <class 'pyscf.x2c.sfx2c1e.SpinFreeX2C'> ********
approx = 1e
xuncontract = 1
Freeze 0 electrons in irreps []
    48 free electrons in irreps A1g E1gx E1gy A1u E1uy E1ux E2gx E2gy E3gx E3gy E2uy E2ux E3uy E3ux
Set gradient conv threshold to 3.16228e-05
E1 = -3252.634644655132  E_coul = 963.4269863856238
init E= -2098.70386233831
cond(S) = 114579.16095751215
    CPU time for initialize scf     39.03 sec, wall time      1.06 sec
HOMO (E2gy) = -0.34516003503227  LUMO (E2ux) = -0.230914428087246
irrep_nelec = [14, 4, 4, 10, 6, 6, 2, 2, 0, 0, 0, 0, 0, 0]
A1g nocc = 7  HOMO = -0.410677000569597  LUMO = 0.0526871834323522
   mo_energy = [-2.22663491e+02 -2.72018817e+01 -2.28368009e+01 -4.00530390e+00
 -2.76669337e+00 -5.07375758e-01 -4.10677001e-01  5.26871834e-02
  1.18724574e-01  1.95803639e-01  4.28724644e-01  8.01545203e-01
  1.36455949e+00  1.57429186e+00  2.74511999e+00]
E1gx nocc = 2  HOMO = -2.50656481218505  LUMO = -0.150746090409919
   mo_energy = [-22.83260445  -2.50656481  -0.15074609   0.08471277   0.23608723
   0.5753203    1.30107777   1.82351802   3.81211967]
E1gy nocc = 2  HOMO = -2.50656481219376  LUMO = -0.150746090449006
   mo_energy = [-22.83260445  -2.50656481  -0.15074609   0.08471277   0.23608723
   0.5753203    1.30107777   1.82351802   3.81211967]
A1u nocc = 5  HOMO = -2.40235353564388  LUMO = -0.137624103809966
   mo_energy = [-2.22663498e+02 -2.72015381e+01 -2.28365225e+01 -3.83502769e+00
 -2.40235354e+00 -1.37624104e-01 -7.32888442e-02  9.55494325e-02
  2.03742583e-01  3.39961247e-01  8.86912582e-01  1.27255020e+00
  2.22853450e+00  2.62282783e+00  7.50030890e+00]
E1uy nocc = 3  HOMO = -0.480356674380149  LUMO = -0.0318937916378653
   mo_energy = [-22.83264563  -2.58739557  -0.48035667  -0.03189379   0.13743063
   0.27692942   0.63456682   1.2291627    2.10814601]
E1ux nocc = 3  HOMO = -0.480356674384309  LUMO = -0.031893791616501
   mo_energy = [-22.83264563  -2.58739557  -0.48035667  -0.03189379   0.13743063
   0.27692942   0.63456682   1.2291627    2.10814601]
E2gx nocc = 1  HOMO = -0.345160035032653  LUMO = 0.197613384279687
   mo_energy = [-0.34516004  0.19761338  1.08765189  1.91219095]
E2gy nocc = 1  HOMO = -0.34516003503227  LUMO = 0.197613384291315
   mo_energy = [-0.34516004  0.19761338  1.08765189  1.91219095]
E3gx nocc = 0
   mo_energy = [2.31892637]
E3gy nocc = 0
   mo_energy = [2.31892637]
E2uy nocc = 0
   mo_energy = [-0.23091443  0.28455464  1.33242823  2.81093674]
E2ux nocc = 0
   mo_energy = [-0.23091443  0.28455464  1.33242823  2.81093674]
E3uy nocc = 0
   mo_energy = [2.07690837]
E3ux nocc = 0
   mo_energy = [2.07690837]
E1 = -3282.1789431009292  E_coul = 993.2760181113924
cycle= 1 E= -2098.39912905834  delta_E= 0.305  |g|= 0.914  |ddm|= 5.38
    CPU time for cycle= 1      0.77 sec, wall time      0.02 sec
HOMO (E2gx) = -0.0822045601742292  LUMO (A1u) = 0.0243851048011301
irrep_nelec = [14, 4, 4, 10, 6, 6, 2, 2, 0, 0, 0, 0, 0, 0]
A1g nocc = 7  HOMO = -0.137214839537117  LUMO = 0.0854304450433805
   mo_energy = [-2.21829793e+02 -2.64060984e+01 -2.20409851e+01 -3.31124640e+00
 -2.14937428e+00 -1.86578779e-01 -1.37214840e-01  8.54304450e-02
  1.77849041e-01  2.83034040e-01  5.96529628e-01  9.13350413e-01
  1.73953122e+00  1.89318724e+00  3.31335254e+00]
E1gx nocc = 2  HOMO = -1.94198028708951  LUMO = 0.0907374885523801
   mo_energy = [-22.03705353  -1.94198029   0.09073749   0.23824424   0.49876915
   0.77968075   1.48500885   2.13128194   4.30120823]
E1gy nocc = 2  HOMO = -1.94198028709557  LUMO = 0.0907374885521507
   mo_energy = [-22.03705353  -1.94198029   0.09073749   0.23824424   0.49876915
   0.77968075   1.48500885   2.13128194   4.30120823]
A1u nocc = 5  HOMO = -1.83860112092579  LUMO = 0.0243851048011301
   mo_energy = [-2.21829799e+02 -2.64060779e+01 -2.20403860e+01 -3.22023256e+00
 -1.83860112e+00  2.43851048e-02  1.18652131e-01  2.38870902e-01
  3.25622014e-01  5.25955315e-01  1.03600358e+00  1.65673902e+00
  2.52929971e+00  3.00001937e+00  7.93312836e+00]
E1uy nocc = 3  HOMO = -0.175530048416832  LUMO = 0.0548272900063897
   mo_energy = [-22.03751291  -2.01129934  -0.17553005   0.05482729   0.23819003
   0.32849033   0.79676561   1.62249272   2.53782807]
E1ux nocc = 3  HOMO = -0.175530048426578  LUMO = 0.0548272900235157
   mo_energy = [-22.03751291  -2.01129934  -0.17553005   0.05482729   0.23819003
   0.32849033   0.79676561   1.62249272   2.53782807]
E2gx nocc = 1  HOMO = -0.0822045601742292  LUMO = 0.294479049353135
   mo_energy = [-0.08220456  0.29447905  1.48905553  2.28610142]
E2gy nocc = 1  HOMO = -0.0822045601771697  LUMO = 0.294479049371254
   mo_energy = [-0.08220456  0.29447905  1.48905553  2.28610142]
E3gx nocc = 0
   mo_energy = [2.70455268]
E3gy nocc = 0
   mo_energy = [2.70455268]
E2uy nocc = 0
   mo_energy = [0.25890514 0.40371077 1.70049415 3.24341007]
E2ux nocc = 0
   mo_energy = [0.25890514 0.40371077 1.70049415 3.24341007]
E3uy nocc = 0
   mo_energy = [2.44666272]
E3ux nocc = 0
   mo_energy = [2.44666272]
E1 = -3250.72033554446  E_coul = 961.7987303808709
cycle= 2 E= -2098.41780923239  delta_E= -0.0187  |g|= 0.973  |ddm|=  5.5
    CPU time for cycle= 2      0.77 sec, wall time      0.02 sec
HOMO (A1g) = -0.217150964576784  LUMO (A1u) = 0.00607555423278071
irrep_nelec = [14, 4, 4, 10, 6, 6, 2, 2, 0, 0, 0, 0, 0, 0]
A1g nocc = 7  HOMO = -0.217150964576784  LUMO = 0.0758025838407197
   mo_energy = [-2.22290526e+02 -2.68329762e+01 -2.24718148e+01 -3.59817040e+00
 -2.42053446e+00 -3.74625768e-01 -2.17150965e-01  7.58025838e-02
  1.58755447e-01  2.47869948e-01  5.25479903e-01  8.64538537e-01
  1.58010221e+00  1.74135895e+00  3.06137606e+00]
E1gx nocc = 2  HOMO = -2.20808084062822  LUMO = 0.0819805096969255
   mo_energy = [-22.46864913  -2.20808084   0.08198051   0.17231152   0.33242876
   0.68996531   1.4024972    1.98462942   4.0868238 ]
E1gy nocc = 2  HOMO = -2.20808084063429  LUMO = 0.0819805096951786
   mo_energy = [-22.46864913  -2.20808084   0.08198051   0.17231152   0.33242876
   0.68996531   1.4024972    1.98462942   4.0868238 ]
A1u nocc = 5  HOMO = -2.11481153323873  LUMO = 0.00607555423278071
   mo_energy = [-2.22290531e+02 -2.68329489e+01 -2.24712638e+01 -3.49813996e+00
 -2.11481153e+00  6.07555423e-03  1.08227759e-01  1.82627645e-01
  2.44454512e-01  4.07752544e-01  9.67020390e-01  1.48150560e+00
  2.39400563e+00  2.83253183e+00  7.73660920e+00]
E1uy nocc = 3  HOMO = -0.388408170566131  LUMO = 0.0355555105405077
   mo_energy = [-22.46905166  -2.27714428  -0.38840817   0.03555551   0.19915991
   0.30531849   0.73642458   1.43735002   2.35210744]
E1ux nocc = 3  HOMO = -0.388408170570064  LUMO = 0.0355555105593983
   mo_energy = [-22.46905166  -2.27714428  -0.38840817   0.03555551   0.19915991
   0.30531849   0.73642458   1.43735002   2.35210744]
E2gx nocc = 1  HOMO = -0.259625621157897  LUMO = 0.25542638085529
   mo_energy = [-0.25962562  0.25542638  1.30604599  2.12272367]
E2gy nocc = 1  HOMO = -0.259625621155745  LUMO = 0.255426380870185
   mo_energy = [-0.25962562  0.25542638  1.30604599  2.12272367]
E3gx nocc = 0
   mo_energy = [2.54055922]
E3gy nocc = 0
   mo_energy = [2.54055922]
E2uy nocc = 0
   mo_energy = [0.11963009 0.32253097 1.52618282 3.0592763 ]
E2ux nocc = 0
   mo_energy = [0.11963009 0.32253097 1.52618282 3.0592763 ]
E3uy nocc = 0
   mo_energy = [2.28434633]
E3ux nocc = 0
   mo_energy = [2.28434633]
E1 = -3266.484510120206  E_coul = 977.4080988235994
cycle= 3 E= -2098.57261536541  delta_E= -0.155  |g|= 0.0458  |ddm|= 3.58
    CPU time for cycle= 3      0.77 sec, wall time      0.01 sec
HOMO (A1g) = -0.222106227259786  LUMO (A1u) = 0.00393838308456159
irrep_nelec = [14, 4, 4, 10, 6, 6, 2, 2, 0, 0, 0, 0, 0, 0]
A1g nocc = 7  HOMO = -0.222106227259786  LUMO = 0.0770346975948722
   mo_energy = [-2.22295279e+02 -2.68400903e+01 -2.24785053e+01 -3.61072508e+00
 -2.43164089e+00 -3.89676481e-01 -2.22106227e-01  7.70346976e-02
  1.58640626e-01  2.48323340e-01  5.22923818e-01  8.62550545e-01
  1.57302242e+00  1.73463604e+00  3.04845294e+00]
E1gx nocc = 2  HOMO = -2.21831315296273  LUMO = 0.0810193915932502
   mo_energy = [-22.47564137  -2.21831315   0.08101939   0.16886763   0.32712793
   0.68472071   1.39853223   1.97965298   4.07745121]
E1gy nocc = 2  HOMO = -2.21831315296896  LUMO = 0.0810193915913216
   mo_energy = [-22.47564137  -2.21831315   0.08101939   0.16886763   0.32712793
   0.68472071   1.39853223   1.97965298   4.07745121]
A1u nocc = 5  HOMO = -2.12448390626191  LUMO = 0.00393838308456159
   mo_energy = [-2.22295285e+02 -2.68400605e+01 -2.24779459e+01 -3.50778474e+00
 -2.12448391e+00  3.93838308e-03  1.07690751e-01  1.75956934e-01
  2.42297981e-01  4.03858831e-01  9.64977361e-01  1.47351274e+00
  2.39154158e+00  2.82600150e+00  7.72813619e+00]
E1uy nocc = 3  HOMO = -0.401849551270897  LUMO = 0.0326549142199686
   mo_energy = [-22.47603946  -2.28865665  -0.40184955   0.03265491   0.19671321
   0.30404322   0.73156473   1.43041006   2.34198224]
E1ux nocc = 3  HOMO = -0.40184955127481  LUMO = 0.0326549142390748
   mo_energy = [-22.47603946  -2.28865665  -0.40184955   0.03265491   0.19671321
   0.30404322   0.73156473   1.43041006   2.34198224]
E2gx nocc = 1  HOMO = -0.272507099721262  LUMO = 0.25390476785379
   mo_energy = [-0.2725071   0.25390477  1.29914807  2.11286068]
E2gy nocc = 1  HOMO = -0.27250709971857  LUMO = 0.253904767869078
   mo_energy = [-0.2725071   0.25390477  1.29914807  2.11286068]
E3gx nocc = 0
   mo_energy = [2.53110638]
E3gy nocc = 0
   mo_energy = [2.53110638]
E2uy nocc = 0
   mo_energy = [0.1115499  0.32040521 1.52009696 3.04981852]
E2ux nocc = 0
   mo_energy = [0.1115499  0.32040521 1.52009696 3.04981852]
E3uy nocc = 0
   mo_energy = [2.2737697]
E3ux nocc = 0
   mo_energy = [2.2737697]
E1 = -3266.2984552036323  E_coul = 977.2211643541771
cycle= 4 E= -2098.57349491826  delta_E= -0.00088  |g|= 0.0171  |ddm|= 0.159
    CPU time for cycle= 4      0.75 sec, wall time      0.01 sec
HOMO (A1g) = -0.223285855308458  LUMO (A1u) = 0.00195154733912961
irrep_nelec = [14, 4, 4, 10, 6, 6, 2, 2, 0, 0, 0, 0, 0, 0]
A1g nocc = 7  HOMO = -0.223285855308458  LUMO = 0.0766937939963965
   mo_energy = [-2.22303772e+02 -2.68482813e+01 -2.24867217e+01 -3.61621197e+00
 -2.43752172e+00 -3.95241628e-01 -2.23285855e-01  7.66937940e-02
  1.58198216e-01  2.46660424e-01  5.21874121e-01  8.60236873e-01
  1.56953083e+00  1.73002412e+00  3.04406688e+00]
E1gx nocc = 2  HOMO = -2.22457518581136  LUMO = 0.0802570220501528
   mo_energy = [-22.48400196  -2.22457519   0.08025702   0.16632543   0.32376842
   0.68193326   1.39613062   1.97520141   4.07235989]
E1gy nocc = 2  HOMO = -2.22457518581752  LUMO = 0.0802570220480731
   mo_energy = [-22.48400196  -2.22457519   0.08025702   0.16632543   0.32376842
   0.68193326   1.39613062   1.97520141   4.07235989]
A1u nocc = 5  HOMO = -2.13043835658527  LUMO = 0.00195154733912961
   mo_energy = [-2.22303777e+02 -2.68482522e+01 -2.24861632e+01 -3.51408964e+00
 -2.13043836e+00  1.95154734e-03  1.06951638e-01  1.72102335e-01
  2.40629603e-01  4.01234019e-01  9.61841084e-01  1.46992891e+00
  2.38603132e+00  2.82097573e+00  7.72398861e+00]
E1uy nocc = 3  HOMO = -0.406672397456849  LUMO = 0.0315686233163891
   mo_energy = [-22.48439738  -2.29447092  -0.4066724    0.03156862   0.19575508
   0.3029309    0.72990358   1.42620668   2.33751748]
E1ux nocc = 3  HOMO = -0.406672397460773  LUMO = 0.0315686233354922
   mo_energy = [-22.48439738  -2.29447092  -0.4066724    0.03156862   0.19575508
   0.3029309    0.72990358   1.42620667   2.33751748]
E2gx nocc = 1  HOMO = -0.276752912028587  LUMO = 0.252621997951155
   mo_energy = [-0.27675291  0.252622    1.29516249  2.10864161]
E2gy nocc = 1  HOMO = -0.276752912025446  LUMO = 0.252621997966461
   mo_energy = [-0.27675291  0.252622    1.29516249  2.10864161]
E3gx nocc = 0
   mo_energy = [2.52671009]
E3gy nocc = 0
   mo_energy = [2.52671009]
E2uy nocc = 0
   mo_energy = [0.1070934  0.31903672 1.5158699  3.04514643]
E2ux nocc = 0
   mo_energy = [0.1070934  0.31903672 1.5158699  3.04514643]
E3uy nocc = 0
   mo_energy = [2.26956177]
E3ux nocc = 0
   mo_energy = [2.26956177]
E1 = -3266.3791687857115  E_coul = 977.3017440661822
cycle= 5 E= -2098.57362878833  delta_E= -0.000134  |g|= 0.00523  |ddm|= 0.071
    CPU time for cycle= 5      0.77 sec, wall time      0.01 sec
HOMO (A1g) = -0.22316571295855  LUMO (A1u) = 0.00126270743256353
irrep_nelec = [14, 4, 4, 10, 6, 6, 2, 2, 0, 0, 0, 0, 0, 0]
A1g nocc = 7  HOMO = -0.22316571295855  LUMO = 0.076571714176174
   mo_energy = [-2.22302076e+02 -2.68467918e+01 -2.24852003e+01 -3.61621105e+00
 -2.43768387e+00 -3.95620434e-01 -2.23165713e-01  7.65717142e-02
  1.57782845e-01  2.46143936e-01  5.21449223e-01  8.59554161e-01
  1.56878626e+00  1.72929172e+00  3.04363970e+00]
E1gx nocc = 2  HOMO = -2.22471162896831  LUMO = 0.0800519287731821
   mo_energy = [-22.48252461  -2.22471163   0.08005193   0.16625359   0.32333018
   0.68114164   1.39560553   1.97461298   4.07182293]
E1gy nocc = 2  HOMO = -2.22471162897448  LUMO = 0.0800519287710382
   mo_energy = [-22.48252461  -2.22471163   0.08005193   0.16625359   0.32333018
   0.68114164   1.39560553   1.97461298   4.07182293]
A1u nocc = 5  HOMO = -2.13046589124611  LUMO = 0.00126270743256353
   mo_energy = [-2.22302082e+02 -2.68467626e+01 -2.24846402e+01 -3.51400142e+00
 -2.13046589e+00  1.26270743e-03  1.06804068e-01  1.71615384e-01
  2.40189077e-01  4.00829548e-01  9.61148409e-01  1.46952203e+00
  2.38537865e+00  2.82026547e+00  7.72372899e+00]
E1uy nocc = 3  HOMO = -0.407054216675059  LUMO = 0.0310782550588863
   mo_energy = [-22.4829209   -2.29463514  -0.40705422   0.03107826   0.19540213
   0.30243955   0.72908725   1.42573205   2.33677515]
E1ux nocc = 3  HOMO = -0.407054216679059  LUMO = 0.0310782550779781
   mo_energy = [-22.4829209   -2.29463514  -0.40705422   0.03107826   0.19540213
   0.30243955   0.72908725   1.42573205   2.33677515]
E2gx nocc = 1  HOMO = -0.277234804775063  LUMO = 0.251752351194426
   mo_energy = [-0.2772348   0.25175235  1.29449974  2.10775644]
E2gy nocc = 1  HOMO = -0.277234804771701  LUMO = 0.251752351209755
   mo_energy = [-0.2772348   0.25175235  1.29449974  2.10775644]
E3gx nocc = 0
   mo_energy = [2.52579325]
E3gy nocc = 0
   mo_energy = [2.52579325]
E2uy nocc = 0
   mo_energy = [0.10655968 0.31855275 1.51531974 3.04436242]
E2ux nocc = 0
   mo_energy = [0.10655968 0.31855275 1.51531974 3.04436242]
E3uy nocc = 0
   mo_energy = [2.26861339]
E3ux nocc = 0
   mo_energy = [2.26861339]
E1 = -3266.309044263016  E_coul = 977.2315962458154
cycle= 6 E= -2098.573652086  delta_E= -2.33e-05  |g|= 0.000987  |ddm|= 0.0541
    CPU time for cycle= 6      0.85 sec, wall time      0.02 sec
HOMO (A1g) = -0.223026170680224  LUMO (A1u) = 0.0012903888559534
irrep_nelec = [14, 4, 4, 10, 6, 6, 2, 2, 0, 0, 0, 0, 0, 0]
A1g nocc = 7  HOMO = -0.223026170680224  LUMO = 0.0766646501764939
   mo_energy = [-2.22302472e+02 -2.68470160e+01 -2.24854630e+01 -3.61600222e+00
 -2.43749673e+00 -3.95486229e-01 -2.23026171e-01  7.66646502e-02
  1.57806478e-01  2.46279613e-01  5.21592431e-01  8.59698308e-01
  1.56897998e+00  1.72955415e+00  3.04387702e+00]
E1gx nocc = 2  HOMO = -2.22451534085014  LUMO = 0.0801056624054228
   mo_energy = [-22.4827695   -2.22451534   0.08010566   0.16646886   0.32348122
   0.68132922   1.3957107    1.97479886   4.07207693]
E1gy nocc = 2  HOMO = -2.22451534085631  LUMO = 0.0801056624032984
   mo_energy = [-22.4827695   -2.22451534   0.08010566   0.16646886   0.32348122
   0.68132922   1.3957107    1.97479886   4.07207693]
A1u nocc = 5  HOMO = -2.13031633575367  LUMO = 0.0012903888559534
   mo_energy = [-2.22302478e+02 -2.68469869e+01 -2.24849035e+01 -3.51379433e+00
 -2.13031634e+00  1.29038886e-03  1.06870997e-01  1.71739718e-01
  2.40237038e-01  4.00961742e-01  9.61266082e-01  1.46978307e+00
  2.38555748e+00  2.82050903e+00  7.72391940e+00]
E1uy nocc = 3  HOMO = -0.40674046376043  LUMO = 0.0311649536594092
   mo_energy = [-22.48316566  -2.29442607  -0.40674046   0.03116495   0.19549236
   0.30253254   0.72922214   1.42596017   2.33708352]
E1ux nocc = 3  HOMO = -0.406740463764479  LUMO = 0.0311649536784768
   mo_energy = [-22.48316566  -2.29442607  -0.40674046   0.03116495   0.19549236
   0.30253254   0.72922214   1.42596017   2.33708352]
E2gx nocc = 1  HOMO = -0.277225370036725  LUMO = 0.2518065460253
   mo_energy = [-0.27722537  0.25180655  1.29463991  2.10807125]
E2gy nocc = 1  HOMO = -0.277225370033317  LUMO = 0.251806546040648
   mo_energy = [-0.27722537  0.25180655  1.29463991  2.10807125]
E3gx nocc = 0
   mo_energy = [2.52609322]
E3gy nocc = 0
   mo_energy = [2.52609322]
E2uy nocc = 0
   mo_energy = [0.10667559 0.31858592 1.51546678 3.04466887]
E2ux nocc = 0
   mo_energy = [0.10667559 0.31858592 1.51546678 3.04466887]
E3uy nocc = 0
   mo_energy = [2.26890909]
E3ux nocc = 0
   mo_energy = [2.26890909]
E1 = -3266.3093047394486  E_coul = 977.2318554940216
cycle= 7 E= -2098.57365331423  delta_E= -1.23e-06  |g|= 0.000261  |ddm|= 0.00691
    CPU time for cycle= 7      0.82 sec, wall time      0.01 sec
HOMO (A1g) = -0.223053330569443  LUMO (A1u) = 0.00127490902676474
irrep_nelec = [14, 4, 4, 10, 6, 6, 2, 2, 0, 0, 0, 0, 0, 0]
A1g nocc = 7  HOMO = -0.223053330569443  LUMO = 0.0766662644554541
   mo_energy = [-2.22302371e+02 -2.68469731e+01 -2.24854172e+01 -3.61604388e+00
 -2.43753723e+00 -3.95496930e-01 -2.23053331e-01  7.66662645e-02
  1.57793040e-01  2.46270201e-01  5.21572859e-01  8.59684111e-01
  1.56894087e+00  1.72953302e+00  3.04383269e+00]
E1gx nocc = 2  HOMO = -2.22454657747451  LUMO = 0.0801032869699298
   mo_energy = [-22.48271603  -2.22454658   0.08010329   0.16646334   0.3234752
   0.68131068   1.39570011   1.97477972   4.07203293]
E1gy nocc = 2  HOMO = -2.22454657748068  LUMO = 0.0801032869678724
   mo_energy = [-22.48271603  -2.22454658   0.08010329   0.16646334   0.3234752
   0.68131068   1.39570011   1.97477972   4.07203293]
A1u nocc = 5  HOMO = -2.13036021058524  LUMO = 0.00127490902676474
   mo_energy = [-2.22302376e+02 -2.68469441e+01 -2.24848577e+01 -3.51383660e+00
 -2.13036021e+00  1.27490903e-03  1.06873889e-01  1.71712250e-01
  2.40221897e-01  4.00964294e-01  9.61249236e-01  1.46976915e+00
  2.38551674e+00  2.82046707e+00  7.72389279e+00]
E1uy nocc = 3  HOMO = -0.406748663739561  LUMO = 0.0311647806858625
   mo_energy = [-22.48311218  -2.29445504  -0.40674866   0.03116478   0.19548077
   0.30253028   0.72920573   1.42594802   2.33703983]
E1ux nocc = 3  HOMO = -0.40674866374363  LUMO = 0.0311647807049738
   mo_energy = [-22.48311218  -2.29445504  -0.40674866   0.03116478   0.19548077
   0.30253028   0.72920573   1.42594802   2.33703983]
E2gx nocc = 1  HOMO = -0.277275226955283  LUMO = 0.251790146530836
   mo_energy = [-0.27727523  0.25179015  1.29460455  2.10803237]
E2gy nocc = 1  HOMO = -0.277275226951884  LUMO = 0.251790146546176
   mo_energy = [-0.27727523  0.25179015  1.29460455  2.10803237]
E3gx nocc = 0
   mo_energy = [2.52605894]
E3gy nocc = 0
   mo_energy = [2.52605894]
E2uy nocc = 0
   mo_energy = [0.10662967 0.31857397 1.51544046 3.04462742]
E2ux nocc = 0
   mo_energy = [0.10662967 0.31857397 1.51544046 3.04462742]
E3uy nocc = 0
   mo_energy = [2.26887732]
E3ux nocc = 0
   mo_energy = [2.26887732]
E1 = -3266.3087955207184  E_coul = 977.2313461954484
cycle= 8 E= -2098.57365339407  delta_E= -7.98e-08  |g|= 6.53e-05  |ddm|= 0.00157
    CPU time for cycle= 8      0.83 sec, wall time      0.01 sec
HOMO (A1g) = -0.223053041614264  LUMO (A1u) = 0.00127909299865612
irrep_nelec = [14, 4, 4, 10, 6, 6, 2, 2, 0, 0, 0, 0, 0, 0]
A1g nocc = 7  HOMO = -0.223053041614264  LUMO = 0.0766679634536293
   mo_energy = [-2.22302379e+02 -2.68469799e+01 -2.24854247e+01 -3.61604175e+00
 -2.43753269e+00 -3.95485656e-01 -2.23053042e-01  7.66679635e-02
  1.57796766e-01  2.46276461e-01  5.21578277e-01  8.59691334e-01
  1.56894843e+00  1.72954134e+00  3.04384049e+00]
E1gx nocc = 2  HOMO = -2.22454173406365  LUMO = 0.0801068031824927
   mo_energy = [-22.48272231  -2.22454173   0.0801068    0.16647206   0.32348176
   0.68131962   1.39570586   1.97478787   4.07204223]
E1gy nocc = 2  HOMO = -2.22454173406982  LUMO = 0.080106803180395
   mo_energy = [-22.48272231  -2.22454173   0.0801068    0.16647206   0.32348176
   0.68131962   1.39570586   1.97478787   4.07204223]
A1u nocc = 5  HOMO = -2.13035589638929  LUMO = 0.00127909299865612
   mo_energy = [-2.22302385e+02 -2.68469508e+01 -2.24848653e+01 -3.51383442e+00
 -2.13035590e+00  1.27909300e-03  1.06875727e-01  1.71715628e-01
  2.40227661e-01  4.00968258e-01  9.61255328e-01  1.46977954e+00
  2.38552261e+00  2.82047626e+00  7.72389930e+00]
E1uy nocc = 3  HOMO = -0.406737860718422  LUMO = 0.0311721635391652
   mo_energy = [-22.48311846  -2.29445009  -0.40673786   0.03117216   0.19548617
   0.30253588   0.72921603   1.42595612   2.3370522 ]
E1ux nocc = 3  HOMO = -0.406737860722488  LUMO = 0.0311721635582608
   mo_energy = [-22.48311846  -2.29445009  -0.40673786   0.03117216   0.19548617
   0.30253588   0.72921603   1.42595612   2.3370522 ]
E2gx nocc = 1  HOMO = -0.277270415090028  LUMO = 0.251798537813388
   mo_energy = [-0.27727042  0.25179854  1.29461261  2.10804487]
E2gy nocc = 1  HOMO = -0.27727041508661  LUMO = 0.251798537828738
   mo_energy = [-0.27727042  0.25179854  1.29461261  2.10804487]
E3gx nocc = 0
   mo_energy = [2.52607263]
E3gy nocc = 0
   mo_energy = [2.52607263]
E2uy nocc = 0
   mo_energy = [0.10663702 0.31857839 1.51544797 3.04463944]
E2ux nocc = 0
   mo_energy = [0.10663702 0.31857839 1.51544797 3.04463944]
E3uy nocc = 0
   mo_energy = [2.26889152]
E3ux nocc = 0
   mo_energy = [2.26889152]
E1 = -3266.3089601516435  E_coul = 977.2315108220689
cycle= 9 E= -2098.57365339837  delta_E= -4.3e-09  |g|= 1.68e-05  |ddm|= 0.00036
    CPU time for cycle= 9      0.84 sec, wall time      0.02 sec
HOMO (A1g) = -0.223052966123058  LUMO (A1u) = 0.00128070248676865
irrep_nelec = [14, 4, 4, 10, 6, 6, 2, 2, 0, 0, 0, 0, 0, 0]
A1g nocc = 7  HOMO = -0.223052966123058  LUMO = 0.0766682024843945
   mo_energy = [-2.22302380e+02 -2.68469809e+01 -2.24854258e+01 -3.61604114e+00
 -2.43753182e+00 -3.95482249e-01 -2.23052966e-01  7.66682025e-02
  1.57798004e-01  2.46278386e-01  5.21579806e-01  8.59693271e-01
  1.56895037e+00  1.72954359e+00  3.04384183e+00]
E1gx nocc = 2  HOMO = -2.22454066677187  LUMO = 0.0801078337870018
   mo_energy = [-22.48272322  -2.22454067   0.08010783   0.1664739    0.32348231
   0.68132157   1.39570741   1.97478973   4.07204414]
E1gy nocc = 2  HOMO = -2.22454066677805  LUMO = 0.08010783378485
   mo_energy = [-22.48272322  -2.22454067   0.08010783   0.1664739    0.32348231
   0.68132157   1.39570741   1.97478973   4.07204414]
A1u nocc = 5  HOMO = -2.13035489903826  LUMO = 0.00128070248676865
   mo_energy = [-2.22302385e+02 -2.68469519e+01 -2.24848664e+01 -3.51383368e+00
 -2.13035490e+00  1.28070249e-03  1.06875850e-01  1.71716189e-01
  2.40229499e-01  4.00968636e-01  9.61257330e-01  1.46978185e+00
  2.38552464e+00  2.82047876e+00  7.72390057e+00]
E1uy nocc = 3  HOMO = -0.406737045480757  LUMO = 0.0311738364313201
   mo_energy = [-22.48311937  -2.29444899  -0.40673705   0.03117384   0.19548768
   0.30253717   0.72921861   1.42595737   2.33705501]
E1ux nocc = 3  HOMO = -0.406737045484819  LUMO = 0.0311738364504166
   mo_energy = [-22.48311937  -2.29444899  -0.40673705   0.03117384   0.19548768
   0.30253717   0.72921861   1.42595737   2.33705501]
E2gx nocc = 1  HOMO = -0.27726841214634  LUMO = 0.251800978226253
   mo_energy = [-0.27726841  0.25180098  1.29461489  2.10804787]
E2gy nocc = 1  HOMO = -0.277268412142937  LUMO = 0.251800978241586
   mo_energy = [-0.27726841  0.25180098  1.29461489  2.10804787]
E3gx nocc = 0
   mo_energy = [2.52607573]
E3gy nocc = 0
   mo_energy = [2.52607573]
E2uy nocc = 0
   mo_energy = [0.10663935 0.31857979 1.51545022 3.04464203]
E2ux nocc = 0
   mo_energy = [0.10663935 0.31857979 1.51545022 3.04464203]
E3uy nocc = 0
   mo_energy = [2.26889463]
E3ux nocc = 0
   mo_energy = [2.26889463]
E1 = -3266.308999738396  E_coul = 977.2315504085674
cycle= 10 E= -2098.57365339863  delta_E= -2.54e-10  |g|= 2.28e-06  |ddm|= 0.000125
    CPU time for cycle= 10      0.81 sec, wall time      0.01 sec
HOMO (A1g) = -0.223052970248117  LUMO (A1u) = 0.00128074981878958
irrep_nelec = [14, 4, 4, 10, 6, 6, 2, 2, 0, 0, 0, 0, 0, 0]
A1g nocc = 7  HOMO = -0.223052970248117  LUMO = 0.0766682272879338
   mo_energy = [-2.22302379e+02 -2.68469801e+01 -2.24854250e+01 -3.61604071e+00
 -2.43753145e+00 -3.95481721e-01 -2.23052970e-01  7.66682273e-02
  1.57798066e-01  2.46278474e-01  5.21579964e-01  8.59693316e-01
  1.56895061e+00  1.72954382e+00  3.04384220e+00]
E1gx nocc = 2  HOMO = -2.22454028377206  LUMO = 0.0801078892906255
   mo_energy = [-22.4827224   -2.22454028   0.08010789   0.16647404   0.32348237
   0.68132164   1.39570755   1.97478987   4.07204439]
E1gy nocc = 2  HOMO = -2.22454028377824  LUMO = 0.0801078892884963
   mo_energy = [-22.4827224   -2.22454028   0.08010789   0.16647404   0.32348237
   0.68132164   1.39570755   1.97478987   4.07204439]
A1u nocc = 5  HOMO = -2.13035455596395  LUMO = 0.00128074981878958
   mo_energy = [-2.22302385e+02 -2.68469511e+01 -2.24848656e+01 -3.51383331e+00
 -2.13035456e+00  1.28074982e-03  1.06875822e-01  1.71716325e-01
  2.40229587e-01  4.00968742e-01  9.61257430e-01  1.46978214e+00
  2.38552475e+00  2.82047894e+00  7.72390084e+00]
E1uy nocc = 3  HOMO = -0.406736916922525  LUMO = 0.0311738819487699
   mo_energy = [-22.48311855  -2.29444858  -0.40673692   0.03117388   0.19548776
   0.30253721   0.72921872   1.42595757   2.33705523]
E1ux nocc = 3  HOMO = -0.40673691692659  LUMO = 0.031173881967861
   mo_energy = [-22.48311855  -2.29444858  -0.40673692   0.03117388   0.19548776
   0.30253721   0.72921872   1.42595757   2.33705523]
E2gx nocc = 1  HOMO = -0.277268078706332  LUMO = 0.251801096722886
   mo_energy = [-0.27726808  0.2518011   1.29461518  2.10804807]
E2gy nocc = 1  HOMO = -0.27726807870292  LUMO = 0.251801096738231
   mo_energy = [-0.27726808  0.2518011   1.29461518  2.10804807]
E3gx nocc = 0
   mo_energy = [2.5260759]
E3gy nocc = 0
   mo_energy = [2.5260759]
E2uy nocc = 0
   mo_energy = [0.10663963 0.31857988 1.51545048 3.04464223]
E2ux nocc = 0
   mo_energy = [0.10663963 0.31857988 1.51545048 3.04464223]
E3uy nocc = 0
   mo_energy = [2.26889481]
E3ux nocc = 0
   mo_energy = [2.26889481]
E1 = -3266.308968341204  E_coul = 977.2315190113713
Extra cycle  E= -2098.57365339863  delta_E= -4.09e-12  |g|= 1.26e-06  |ddm|= 9.21e-06
    CPU time for scf_cycle     47.78 sec, wall time      1.22 sec
    CPU time for SCF     47.79 sec, wall time      1.22 sec
converged SCF energy = -2098.57365339863
ncore for each irreps {'A1g': 5, 'E1gx': 2, 'E1gy': 2, 'A1u': 5, 'E1uy': 2, 'E1ux': 2, 'E2gx': 0, 'E2gy': 0, 'E3gx': 0, 'E3gy': 0, 'E2uy': 0, 'E2ux': 0, 'E3uy': 0, 'E3ux': 0}
ncas for each irreps {'A1g': 2, 'E1gx': 1, 'E1gy': 1, 'E2gx': 1, 'E2gy': 1, 'A1u': 2, 'E1ux': 1, 'E1uy': 1, 'E2ux': 1, 'E2uy': 1}
(0-based) caslst = [18 19 20 21 22 23 24 28 29 30 31 32]

******** <class 'pyscf.mcscf.mc1step_symm.SymAdaptedCASSCF'> ********
CAS (6e+6e, 12o), ncore = 18, nvir = 56
max_cycle_macro = 50
max_cycle_micro = 4
conv_tol = 1e-07
conv_tol_grad = None
orbital rotation max_stepsize = 0.02
augmented hessian ah_max_cycle = 30
augmented hessian ah_conv_tol = 1e-12
augmented hessian ah_linear dependence = 1e-14
augmented hessian ah_level shift = 0
augmented hessian ah_start_tol = 2.5
augmented hessian ah_start_cycle = 3
augmented hessian ah_grad_trust_region = 3
kf_trust_region = 3
kf_interval = 4
ci_response_space = 4
ci_grad_trust_region = 3
with_dep4 0
natorb = False
canonicalization = True
sorting_mo_energy = True
ao2mo_level = 2
chkfile = /home/slee89/pyscf-374/examples/dmrg/31-cr2_scan/tmp6jo3fj73
max_memory 4000 MB (current use 175 MB)
internal_rotation = False
******** <class 'pyscf.fci.direct_spin1_symm.FCISolver'> ********
max. cycles = 50
conv_tol = 1e-08
davidson only = True
linear dependence = 1e-10
level shift = 0.001
max iter space = 12
max_memory 4000 MB
nroots = 1
pspace_size = 0
spin = None
CI wfn symmetry = None
Active space irreps [ 6  7  0 10 11  0  5  2  3 14 15  5]
Active space are constructed from canonical SCF orbitals [18 19 20 21 22 23 24 28 29 30 31 32]
Set CASCI wfnsym 0 based on HF determinant
Active space CI wfn symmetry = A1g
Start 1-step CASSCF
Start CASCI
    CPU time for integral transformation to CAS space      0.01 sec, wall time      0.00 sec
core energy = -2067.44266633117
    CPU time for effective h1e in CAS space      0.00 sec, wall time      0.00 sec
Overwritten attributes  contract_2e  of <class 'pyscf.fci.direct_spin1_symm.FCISolver'>
Guessing CI wfn symmetry = 0
davidson 0 1  |r|= 0.394  e= [-30.86381321]  max|de|= -30.9  lindep=    1
davidson 1 2  |r|= 0.318  e= [-31.00651737]  max|de|= -0.143  lindep= 0.988
davidson 2 3  |r|= 0.234  e= [-31.05823872]  max|de|= -0.0517  lindep= 0.965
davidson 3 4  |r|= 0.219  e= [-31.06507393]  max|de|= -0.00684  lindep= 0.553
davidson 4 5  |r|= 0.292  e= [-31.10236698]  max|de|= -0.0373  lindep= 0.468
davidson 5 6  |r|= 0.224  e= [-31.198182]  max|de|= -0.0958  lindep= 0.689
davidson 6 7  |r|= 0.143  e= [-31.23646266]  max|de|= -0.0383  lindep= 0.553
davidson 7 8  |r|= 0.106  e= [-31.25165622]  max|de|= -0.0152  lindep= 0.473
davidson 8 9  |r|= 0.094  e= [-31.26187424]  max|de|= -0.0102  lindep= 0.197
davidson 9 10  |r|= 0.0885  e= [-31.26281137]  max|de|= -0.000937  lindep= 0.0438
davidson 10 11  |r|= 0.0915  e= [-31.27507149]  max|de|= -0.0123  lindep= 0.935
davidson 11 12  |r|= 0.162  e= [-31.30774953]  max|de|= -0.0327  lindep= 0.933
davidson 12 1  |r|= 0.162  e= [-31.30774953]  max|de|= 1.61e-12  lindep= 0.999
davidson 13 2  |r|= 0.103  e= [-31.32931444]  max|de|= -0.0216  lindep= 0.99
davidson 14 3  |r|= 0.115  e= [-31.34961083]  max|de|= -0.0203  lindep= 0.989
davidson 15 4  |r|= 0.0876  e= [-31.36057047]  max|de|= -0.011  lindep= 0.836
davidson 16 5  |r|= 0.0607  e= [-31.36861588]  max|de|= -0.00805  lindep= 0.929
davidson 17 6  |r|= 0.0349  e= [-31.3719317]  max|de|= -0.00332  lindep= 0.887
davidson 18 7  |r|= 0.0276  e= [-31.37288243]  max|de|= -0.000951  lindep= 0.94
davidson 19 8  |r|= 0.0144  e= [-31.37335385]  max|de|= -0.000471  lindep= 0.92
davidson 20 9  |r|= 0.00764  e= [-31.37350185]  max|de|= -0.000148  lindep= 0.878
davidson 21 10  |r|= 0.00522  e= [-31.3735614]  max|de|= -5.96e-05  lindep= 0.902
davidson 22 11  |r|= 0.00328  e= [-31.37359762]  max|de|= -3.62e-05  lindep= 0.907
davidson 23 12  |r|= 0.00248  e= [-31.37360584]  max|de|= -8.22e-06  lindep= 0.92
davidson 24 1  |r|= 0.00248  e= [-31.37360584]  max|de|= -1.81e-13  lindep= 0.999
davidson 25 2  |r|= 0.0014  e= [-31.37360825]  max|de|= -2.41e-06  lindep= 0.998
davidson 26 3  |r|= 0.000872  e= [-31.37360997]  max|de|= -1.72e-06  lindep= 0.912
davidson 27 4  |r|= 0.000534  e= [-31.37361054]  max|de|= -5.68e-07  lindep= 0.862
davidson 28 5  |r|= 0.000348  e= [-31.37361082]  max|de|= -2.82e-07  lindep= 0.937
davidson 29 6  |r|= 0.000256  e= [-31.37361093]  max|de|= -1.06e-07  lindep= 0.991
davidson 30 7  |r|= 0.00017  e= [-31.37361097]  max|de|= -3.83e-08  lindep= 0.952
davidson 31 8  |r|= 0.000115  e= [-31.37361099]  max|de|= -2.02e-08  lindep= 0.957
root 0 converged  |r|= 7.59e-05  e= -31.373610995968132  max|de|= -8.31e-09
converged 32 9  |r|= 7.59e-05  e= [-31.373611]  max|de|= -8.31e-09
    CPU time for FCI solver     19.24 sec, wall time      6.93 sec
CAS space CI energy = -31.3736109959682
CASCI E = -2098.81627732714  S^2 = 0.0000000
Set conv_tol_grad to 0.000316228
    CPU time for Initializing 1-step CASSCF     35.76 sec, wall time      7.25 sec
    CPU time for CAS DM      4.46 sec, wall time      0.08 sec
    |g|=0.172
    CPU time for gen h_op      8.54 sec, wall time      0.16 sec
    imic 1(3)  |g[o]|=0.159  |dxi|=0.0524  max(|x|)=0.218  |dr|=0.0524  eig=-0.0611  seig=0.0196
    imic 2(4)  |g[o]|=0.145  |dxi|=0.057  max(|x|)=0.205  |dr|=0.109  eig=-0.0558  seig=0.0193
Negative hessians found [-0.00086448]
    imic 3(5)  |g[o]|=0.134  |dxi|=0.0538  max(|x|)= 0.23  |dr|=0.163  eig=-0.0508  seig=0.0184
Negative hessians found [-0.00263356]
    imic 4(6)  |g[o]|=0.125  |dxi|=0.0519  max(|x|)=0.253  |dr|=0.214  eig=-0.0471  seig=0.0158
    CPU time for aug_hess in 4 inner iters      5.63 sec, wall time      0.10 sec
    CPU time for orbital rotation     14.18 sec, wall time      0.26 sec
Guessing CI wfn symmetry = 0
CI step by 4D subspace response
    CPU time for update CAS DM     58.99 sec, wall time      1.07 sec
micro 1  |u-1|=0.303  |g[o]|=0.172  |g[c]|=0.0624  |ddm|=0.042
    CPU time for micro iter 1      0.05 sec, wall time      0.00 sec
    |g|=0.135 (keyframe), |g-correction|=0.0193
    CPU time for gen h_op      6.84 sec, wall time      0.13 sec
Negative hessians found [-0.00272111]
    imic 5(7)  |g[o]|=0.128  |dxi|=0.0498  max(|x|)=0.313  |dr|=0.0498  eig=-0.0579  seig=0.0151
Negative hessians found [-0.0028897]
    imic 6(8)  |g[o]|=0.122  |dxi|=0.0481  max(|x|)=0.332  |dr|=0.0979  eig=-0.0562  seig=0.0151
Negative hessians found [-0.00322749]
    imic 7(9)  |g[o]|=0.116  |dxi|=0.0476  max(|x|)=0.344  |dr|=0.145  eig=-0.0548  seig=0.0151
Negative hessians found [-0.00343109]
    imic 8(10)  |g[o]|=0.111  |dxi|=0.0473  max(|x|)=0.354  |dr|=0.193  eig=-0.0536  seig=0.015
    CPU time for aug_hess in 8 inner iters      2.67 sec, wall time      0.05 sec
    CPU time for orbital rotation      9.52 sec, wall time      0.17 sec
Guessing CI wfn symmetry = 0
CI step by 4D subspace response
    CPU time for update CAS DM     55.76 sec, wall time      1.03 sec
micro 2  |u-1|=0.569  |g[o]|=0.135  |g[c]|=0.0859  |ddm|=0.0544
    CPU time for micro iter 2      0.03 sec, wall time      0.00 sec
    |g|=0.124 (keyframe), |g-correction|=0.0252
    CPU time for gen h_op     10.05 sec, wall time      0.18 sec
Negative hessians found [-0.00350925]
    imic 9(11)  |g[o]|= 0.12  |dxi|=0.0462  max(|x|)=0.391  |dr|=0.0462  eig=-0.07  seig=0.015
Negative hessians found [-0.00360187]
    imic 10(12)  |g[o]|=0.116  |dxi|=0.0458  max(|x|)=0.398  |dr|=0.092  eig=-0.0693  seig=0.015
Negative hessians found [-0.00362709]
    imic 11(13)  |g[o]|=0.112  |dxi|=0.0457  max(|x|)=0.403  |dr|=0.138  eig=-0.0687  seig=0.015
Negative hessians found [-0.00362988]
    imic 12(14)  |g[o]|=0.109  |dxi|=0.0455  max(|x|)=0.408  |dr|=0.183  eig=-0.0682  seig=0.0147
    CPU time for aug_hess in 12 inner iters      2.96 sec, wall time      0.05 sec
    CPU time for orbital rotation     13.01 sec, wall time      0.24 sec
Guessing CI wfn symmetry = 0
CI step by 4D subspace response
    CPU time for update CAS DM     62.40 sec, wall time      1.13 sec
micro 3  |u-1|= 0.82  |g[o]|=0.124  |g[c]|=0.113  |ddm|=0.0794
    CPU time for micro iter 3      0.04 sec, wall time      0.00 sec
    |g|=0.128 (keyframe), |g-correction|=0.0278
    CPU time for gen h_op     12.25 sec, wall time      0.22 sec
Negative hessians found [-0.00367522]
    imic 13(15)  |g[o]|=0.125  |dxi|=0.0449  max(|x|)=0.425  |dr|=0.0449  eig=-0.087  seig=0.0147
Negative hessians found [-0.00367652]
    imic 14(16)  |g[o]|=0.122  |dxi|=0.0448  max(|x|)=0.428  |dr|=0.0897  eig=-0.0867  seig=0.0145
Negative hessians found [-0.00368707]
    imic 15(17)  |g[o]|=0.119  |dxi|=0.0447  max(|x|)=0.431  |dr|=0.134  eig=-0.0863  seig=0.0145
Negative hessians found [-0.00369398]
    imic 16(18)  |g[o]|=0.117  |dxi|=0.0446  max(|x|)=0.433  |dr|=0.179  eig=-0.086  seig=0.0142
    CPU time for aug_hess in 16 inner iters      2.95 sec, wall time      0.05 sec
    CPU time for orbital rotation     15.21 sec, wall time      0.27 sec
micro 4  |u-1|= 1.06  |g[o]|=0.128
Active space overlap to initial guess, SVD = [0.99990433 0.99984616 0.99984616 0.99855945 0.99820914 0.99820914
 0.99287319 0.98623616 0.98623616 0.96526645 0.89598824 0.89598824]
Active space overlap to last step, SVD = [0.99990433 0.99984616 0.99984616 0.99855945 0.99820914 0.99820914
 0.99287319 0.98623616 0.98623616 0.96526645 0.89598824 0.89598824]
    CPU time for update eri      7.42 sec, wall time      0.13 sec
Start CASCI
    CPU time for integral transformation to CAS space      0.00 sec, wall time      0.00 sec
core energy = -2067.40549249188
    CPU time for effective h1e in CAS space      0.00 sec, wall time      0.00 sec
Guessing CI wfn symmetry = 0
davidson 0 1  |r|= 0.0532  e= [-31.54118701]  max|de|= -31.5  lindep= 0.992
davidson 1 2  |r|= 0.0384  e= [-31.54368134]  max|de|= -0.00249  lindep= 0.995
davidson 2 3  |r|= 0.0222  e= [-31.54418179]  max|de|= -0.0005  lindep= 0.978
davidson 3 4  |r|= 0.0145  e= [-31.54439018]  max|de|= -0.000208  lindep= 0.987
davidson 4 5  |r|= 0.00984  e= [-31.54448262]  max|de|= -9.24e-05  lindep= 0.962
davidson 5 6  |r|= 0.00675  e= [-31.54452202]  max|de|= -3.94e-05  lindep= 0.967
davidson 6 7  |r|= 0.00422  e= [-31.54453596]  max|de|= -1.39e-05  lindep= 0.928
davidson 7 8  |r|= 0.00219  e= [-31.54454176]  max|de|= -5.8e-06  lindep= 0.924
davidson 8 9  |r|= 0.00115  e= [-31.54454348]  max|de|= -1.72e-06  lindep= 0.951
davidson 9 10  |r|= 0.000751  e= [-31.54454392]  max|de|= -4.37e-07  lindep= 0.949
davidson 10 11  |r|= 0.000524  e= [-31.54454411]  max|de|= -1.91e-07  lindep= 0.95
davidson 11 12  |r|= 0.000333  e= [-31.5445442]  max|de|= -9.37e-08  lindep= 0.919
davidson 12 1  |r|= 0.000333  e= [-31.5445442]  max|de|= -1.35e-13  lindep=    1
davidson 13 2  |r|= 0.000224  e= [-31.54454423]  max|de|= -3.29e-08  lindep= 0.987
davidson 14 3  |r|= 0.000194  e= [-31.54454426]  max|de|= -2.7e-08  lindep= 0.972
davidson 15 4  |r|= 0.000175  e= [-31.54454428]  max|de|= -1.88e-08  lindep= 0.896
davidson 16 5  |r|= 0.000131  e= [-31.54454429]  max|de|= -1.45e-08  lindep= 0.906
root 0 converged  |r|= 9.3e-05  e= -31.544544299409708  max|de|= -5.5e-09
converged 17 6  |r|= 9.3e-05  e= [-31.5445443]  max|de|= -5.5e-09
    CPU time for FCI solver     16.30 sec, wall time      3.72 sec
CAS space CI energy = -31.5445442994096
macro iter 1 (21 JK  4 micro), CASSCF E = -2098.95003679129  dE = -0.13375946  S^2 = 0.0000000
               |grad[o]|=0.172  |grad[c]|= 0.11316209725506181  |ddm|=0.0794
    CPU time for CASCI solver     28.75 sec, wall time      3.96 sec
    CPU time for macro iter 1    269.83 sec, wall time      8.34 sec
    |g|=0.131
    CPU time for gen h_op      6.98 sec, wall time      0.12 sec
    imic 1(3)  |g[o]|=0.128  |dxi|=0.0472  max(|x|)=0.381  |dr|=0.0472  eig=-0.0895  seig=0.00192
    imic 2(4)  |g[o]|=0.124  |dxi|=0.0472  max(|x|)=0.381  |dr|=0.0944  eig=-0.0885  seig=0.00192
    imic 3(5)  |g[o]|=0.121  |dxi|=0.0472  max(|x|)=0.383  |dr|=0.142  eig=-0.0876  seig=0.0017
    imic 4(6)  |g[o]|=0.118  |dxi|=0.0474  max(|x|)=0.383  |dr|=0.189  eig=-0.0867  seig=0.00168
    CPU time for aug_hess in 4 inner iters      3.87 sec, wall time      0.07 sec
    CPU time for orbital rotation     12.76 sec, wall time      0.23 sec
Guessing CI wfn symmetry = 0
CI step by 4D subspace response
    CPU time for update CAS DM     51.50 sec, wall time      0.92 sec
micro 1  |u-1|=0.267  |g[o]|=0.131  |g[c]|=0.0711  |ddm|=0.0447
    CPU time for micro iter 1      0.04 sec, wall time      0.00 sec
    |g|=0.138 (keyframe), |g-correction|=0.0241
    CPU time for gen h_op      6.59 sec, wall time      0.12 sec
    imic 5(7)  |g[o]|=0.135  |dxi|=0.048  max(|x|)=0.385  |dr|=0.048  eig=-0.102  seig=0.00167
    imic 6(8)  |g[o]|=0.132  |dxi|=0.0477  max(|x|)=0.389  |dr|=0.0956  eig=-0.102  seig=0.00167
    imic 7(9)  |g[o]|=0.129  |dxi|=0.0478  max(|x|)=0.389  |dr|=0.143  eig=-0.101  seig=0.00167
    imic 8(10)  |g[o]|=0.126  |dxi|=0.0479  max(|x|)=0.388  |dr|=0.191  eig= -0.1  seig=0.00159
    CPU time for aug_hess in 8 inner iters      2.65 sec, wall time      0.05 sec
    CPU time for orbital rotation      9.25 sec, wall time      0.17 sec
Guessing CI wfn symmetry = 0
CI step by 4D subspace response
    CPU time for update CAS DM     52.27 sec, wall time      0.93 sec
micro 2  |u-1|=0.537  |g[o]|=0.138  |g[c]|=0.101  |ddm|=0.0868
    CPU time for micro iter 2      0.04 sec, wall time      0.00 sec
    |g|=0.143 (keyframe), |g-correction|=0.0206
    CPU time for gen h_op      6.82 sec, wall time      0.12 sec
    imic 9(11)  |g[o]|= 0.14  |dxi|=0.0488  max(|x|)=0.386  |dr|=0.0488  eig=-0.111  seig=0.00154
    imic 10(12)  |g[o]|=0.137  |dxi|=0.0491  max(|x|)=0.384  |dr|=0.0979  eig=-0.111  seig=0.00154
    imic 11(13)  |g[o]|=0.135  |dxi|=0.0493  max(|x|)=0.383  |dr|=0.147  eig=-0.11  seig=0.00154
    imic 12(14)  |g[o]|=0.132  |dxi|=0.0494  max(|x|)=0.383  |dr|=0.197  eig=-0.109  seig=0.00153
    CPU time for aug_hess in 12 inner iters      2.88 sec, wall time      0.05 sec
    CPU time for orbital rotation      9.71 sec, wall time      0.17 sec
Guessing CI wfn symmetry = 0
CI step by 4D subspace response
    CPU time for update CAS DM     59.47 sec, wall time      1.07 sec
micro 3  |u-1|=0.811  |g[o]|=0.143  |g[c]|=0.142  |ddm|=0.133
    CPU time for micro iter 3      0.04 sec, wall time      0.00 sec
    |g|=0.144 (keyframe), |g-correction|=0.019
    CPU time for gen h_op      6.62 sec, wall time      0.12 sec
    imic 13(15)  |g[o]|=0.141  |dxi|=0.0514  max(|x|)= 0.37  |dr|=0.0514  eig=-0.116  seig=0.00153
    imic 14(16)  |g[o]|=0.139  |dxi|=0.0518  max(|x|)=0.369  |dr|=0.103  eig=-0.116  seig=0.00153
    imic 15(17)  |g[o]|=0.136  |dxi|=0.0519  max(|x|)=0.368  |dr|=0.155  eig=-0.115  seig=0.00153
    imic 16(18)  |g[o]|=0.134  |dxi|=0.0519  max(|x|)=0.369  |dr|=0.207  eig=-0.114  seig=0.00153
    CPU time for aug_hess in 16 inner iters      2.89 sec, wall time      0.05 sec
    CPU time for orbital rotation      9.52 sec, wall time      0.17 sec
micro 4  |u-1|=  1.1  |g[o]|=0.144
Active space overlap to initial guess, SVD = [0.99990219 0.9997463  0.9997463  0.99742191 0.99712318 0.99712317
 0.98310451 0.97564882 0.97564882 0.76264602 0.61775192 0.61775192]
Active space overlap to last step, SVD = [0.99998222 0.99987131 0.99987131 0.99977424 0.99970775 0.99970775
 0.99848383 0.99848383 0.99835908 0.90228927 0.90228927 0.90062438]
    CPU time for update eri      7.40 sec, wall time      0.13 sec
Start CASCI
    CPU time for integral transformation to CAS space      0.00 sec, wall time      0.00 sec
core energy = -2067.36803819441
    CPU time for effective h1e in CAS space      0.00 sec, wall time      0.00 sec
Guessing CI wfn symmetry = 0
davidson 0 1  |r|= 0.048  e= [-31.7559875]  max|de|= -31.8  lindep= 0.995
davidson 1 2  |r|= 0.0558  e= [-31.75748162]  max|de|= -0.00149  lindep= 0.998
davidson 2 3  |r|= 0.0309  e= [-31.75823269]  max|de|= -0.000751  lindep= 0.993
davidson 3 4  |r|= 0.0202  e= [-31.75849695]  max|de|= -0.000264  lindep= 0.999
davidson 4 5  |r|= 0.0138  e= [-31.758665]  max|de|= -0.000168  lindep= 0.985
davidson 5 6  |r|= 0.0106  e= [-31.75872351]  max|de|= -5.85e-05  lindep= 0.989
davidson 6 7  |r|= 0.0064  e= [-31.75875253]  max|de|= -2.9e-05  lindep= 0.985
davidson 7 8  |r|= 0.00383  e= [-31.75876495]  max|de|= -1.24e-05  lindep= 0.988
davidson 8 9  |r|= 0.00222  e= [-31.75876966]  max|de|= -4.72e-06  lindep= 0.984
davidson 9 10  |r|= 0.00157  e= [-31.75877105]  max|de|= -1.39e-06  lindep= 0.965
davidson 10 11  |r|= 0.00119  e= [-31.75877195]  max|de|= -9.02e-07  lindep= 0.955
davidson 11 12  |r|= 0.00109  e= [-31.75877243]  max|de|= -4.81e-07  lindep= 0.972
davidson 12 1  |r|= 0.00109  e= [-31.75877243]  max|de|= 1.81e-13  lindep=    1
davidson 13 2  |r|= 0.000628  e= [-31.75877262]  max|de|= -1.89e-07  lindep= 0.998
davidson 14 3  |r|= 0.000564  e= [-31.75877279]  max|de|= -1.66e-07  lindep= 0.972
davidson 15 4  |r|= 0.000481  e= [-31.75877291]  max|de|= -1.19e-07  lindep= 0.952
davidson 16 5  |r|= 0.000379  e= [-31.75877301]  max|de|= -9.99e-08  lindep= 0.967
davidson 17 6  |r|= 0.000291  e= [-31.75877306]  max|de|= -5.54e-08  lindep= 0.981
davidson 18 7  |r|= 0.000186  e= [-31.75877309]  max|de|= -2.53e-08  lindep= 0.989
davidson 19 8  |r|= 0.00013  e= [-31.7587731]  max|de|= -1.18e-08  lindep= 0.989
root 0 converged  |r|= 8.41e-05  e= -31.75877310539979  max|de|= -6.19e-09
converged 20 9  |r|= 8.41e-05  e= [-31.75877311]  max|de|= -6.19e-09
    CPU time for FCI solver     16.99 sec, wall time      4.41 sec
CAS space CI energy = -31.7587731054
macro iter 2 (21 JK  4 micro), CASSCF E = -2099.12681129981  dE = -0.17677451  S^2 = 0.0000000
               |grad[o]|=0.131  |grad[c]|= 0.1421147631319351  |ddm|=0.133
    CPU time for CASCI solver     29.50 sec, wall time      4.65 sec
    CPU time for macro iter 2    241.49 sec, wall time      8.45 sec
    |g|= 0.13
    CPU time for gen h_op      7.12 sec, wall time      0.13 sec
    imic 1(3)  |g[o]|=0.125  |dxi|=0.0389  max(|x|)=0.345  |dr|=0.0389  eig=-0.0724  seig=0.00258
    imic 2(4)  |g[o]|=0.119  |dxi|=0.0387  max(|x|)=0.344  |dr|=0.0776  eig=-0.0692  seig=0.00255
    imic 3(5)  |g[o]|=0.115  |dxi|=0.0378  max(|x|)=0.349  |dr|=0.115  eig=-0.0661  seig=0.0025
    imic 4(6)  |g[o]|= 0.11  |dxi|=0.0372  max(|x|)=0.353  |dr|=0.153  eig=-0.0632  seig=0.0025
    CPU time for aug_hess in 4 inner iters      3.88 sec, wall time      0.07 sec
    CPU time for orbital rotation     11.29 sec, wall time      0.20 sec
Guessing CI wfn symmetry = 0
CI step by 4D subspace response
    CPU time for update CAS DM     68.68 sec, wall time      1.24 sec
micro 1  |u-1|=0.216  |g[o]|= 0.13  |g[c]|=0.0476  |ddm|=0.0291
    CPU time for micro iter 1      0.04 sec, wall time      0.00 sec
    |g|=0.118 (keyframe), |g-correction|=0.0116
    CPU time for gen h_op      8.66 sec, wall time      0.16 sec
    imic 5(7)  |g[o]|=0.114  |dxi|=0.0354  max(|x|)= 0.38  |dr|=0.0354  eig=-0.0664  seig=0.00248
    imic 6(8)  |g[o]|= 0.11  |dxi|=0.0347  max(|x|)=0.385  |dr|=0.0701  eig=-0.0638  seig=0.00247
    imic 7(9)  |g[o]|=0.106  |dxi|=0.0342  max(|x|)=0.388  |dr|=0.104  eig=-0.0613  seig=0.00247
    imic 8(10)  |g[o]|=0.102  |dxi|=0.0338  max(|x|)= 0.39  |dr|=0.138  eig=-0.0589  seig=0.00242
    CPU time for aug_hess in 8 inner iters      2.79 sec, wall time      0.05 sec
    CPU time for orbital rotation     11.46 sec, wall time      0.21 sec
Guessing CI wfn symmetry = 0
CI step by 4D subspace response
    CPU time for update CAS DM     54.09 sec, wall time      0.97 sec
micro 2  |u-1|= 0.41  |g[o]|=0.118  |g[c]|=0.0641  |ddm|=0.0536
    CPU time for micro iter 2      0.04 sec, wall time      0.00 sec
    |g|=0.106 (keyframe), |g-correction|=0.00767
    CPU time for gen h_op     10.36 sec, wall time      0.18 sec
    imic 9(11)  |g[o]|=0.102  |dxi|=0.0326  max(|x|)=0.406  |dr|=0.0326  eig=-0.0583  seig=0.00241
    imic 10(12)  |g[o]|=0.0988  |dxi|=0.0322  max(|x|)=0.409  |dr|=0.0648  eig=-0.056  seig=0.00239
    imic 11(13)  |g[o]|=0.0954  |dxi|=0.0318  max(|x|)= 0.41  |dr|=0.0966  eig=-0.0539  seig=0.00239
    imic 12(14)  |g[o]|=0.0921  |dxi|=0.0315  max(|x|)=0.412  |dr|=0.128  eig=-0.0518  seig=0.00238
    CPU time for aug_hess in 12 inner iters      2.74 sec, wall time      0.05 sec
    CPU time for orbital rotation     13.11 sec, wall time      0.23 sec
Guessing CI wfn symmetry = 0
CI step by 4D subspace response
    CPU time for update CAS DM     50.52 sec, wall time      0.90 sec
micro 3  |u-1|=0.589  |g[o]|=0.106  |g[c]|=0.0822  |ddm|=0.0759
    CPU time for micro iter 3      0.04 sec, wall time      0.00 sec
    |g|=0.0928 (keyframe), |g-correction|=0.00691
    CPU time for gen h_op      6.63 sec, wall time      0.12 sec
    imic 13(15)  |g[o]|=0.0896  |dxi|=0.0306  max(|x|)= 0.42  |dr|=0.0306  eig=-0.0486  seig=0.00238
    imic 14(16)  |g[o]|=0.0865  |dxi|=0.0303  max(|x|)=0.421  |dr|=0.0609  eig=-0.0466  seig=0.00238
    imic 15(17)  |g[o]|=0.0835  |dxi|= 0.03  max(|x|)=0.422  |dr|=0.0909  eig=-0.0448  seig=0.00238
    imic 16(18)  |g[o]|=0.0806  |dxi|=0.0297  max(|x|)=0.422  |dr|=0.121  eig=-0.043  seig=0.00237
    CPU time for aug_hess in 16 inner iters      2.74 sec, wall time      0.05 sec
    CPU time for orbital rotation      9.38 sec, wall time      0.17 sec
micro 4  |u-1|=0.755  |g[o]|=0.0928
Active space overlap to initial guess, SVD = [0.99979279 0.99933298 0.99933298 0.99782281 0.99736456 0.99736456
 0.97106033 0.97032436 0.97032436 0.45108035 0.45108035 0.42291397]
Active space overlap to last step, SVD = [0.99999211 0.99999211 0.99992532 0.99984729 0.99984729 0.99972172
 0.99972172 0.9996157  0.99887433 0.98016704 0.98016704 0.89967977]
    CPU time for update eri      6.40 sec, wall time      0.11 sec
Start CASCI
    CPU time for integral transformation to CAS space      0.00 sec, wall time      0.00 sec
core energy = -2067.32425111626
    CPU time for effective h1e in CAS space      0.00 sec, wall time      0.00 sec
Guessing CI wfn symmetry = 0
davidson 0 1  |r|= 0.017  e= [-31.89718098]  max|de|= -31.9  lindep= 0.998
davidson 1 2  |r|= 0.025  e= [-31.89740896]  max|de|= -0.000228  lindep= 0.998
davidson 2 3  |r|= 0.0121  e= [-31.89753701]  max|de|= -0.000128  lindep= 0.997
davidson 3 4  |r|= 0.00945  e= [-31.89758429]  max|de|= -4.73e-05  lindep= 0.998
davidson 4 5  |r|= 0.00656  e= [-31.89760628]  max|de|= -2.2e-05  lindep= 0.987
davidson 5 6  |r|= 0.00502  e= [-31.89761685]  max|de|= -1.06e-05  lindep= 0.989
davidson 6 7  |r|= 0.0033  e= [-31.89762242]  max|de|= -5.57e-06  lindep= 0.994
davidson 7 8  |r|= 0.00217  e= [-31.89762525]  max|de|= -2.83e-06  lindep= 0.995
davidson 8 9  |r|= 0.00141  e= [-31.89762633]  max|de|= -1.09e-06  lindep= 0.981
davidson 9 10  |r|= 0.00106  e= [-31.89762691]  max|de|= -5.75e-07  lindep= 0.98
davidson 10 11  |r|= 0.000789  e= [-31.89762721]  max|de|= -3.04e-07  lindep= 0.973
davidson 11 12  |r|= 0.000632  e= [-31.8976274]  max|de|= -1.83e-07  lindep= 0.971
davidson 12 1  |r|= 0.000632  e= [-31.8976274]  max|de|= -2.95e-13  lindep=    1
davidson 13 2  |r|= 0.000387  e= [-31.89762747]  max|de|= -7.31e-08  lindep= 0.999
davidson 14 3  |r|= 0.000362  e= [-31.89762753]  max|de|= -5.79e-08  lindep= 0.976
davidson 15 4  |r|= 0.0003  e= [-31.89762757]  max|de|= -4.24e-08  lindep= 0.961
davidson 16 5  |r|= 0.000256  e= [-31.8976276]  max|de|= -2.92e-08  lindep= 0.979
davidson 17 6  |r|= 0.000189  e= [-31.89762762]  max|de|= -1.89e-08  lindep= 0.991
davidson 18 7  |r|= 0.000143  e= [-31.89762763]  max|de|= -9.79e-09  lindep= 0.991
davidson 19 8  |r|= 0.000104  e= [-31.89762763]  max|de|= -4.92e-09  lindep= 0.985
root 0 converged  |r|= 7.18e-05  e= -31.897627635164095  max|de|= -2.69e-09
converged 20 9  |r|= 7.18e-05  e= [-31.89762764]  max|de|= -2.69e-09
    CPU time for FCI solver     16.99 sec, wall time      4.37 sec
CAS space CI energy = -31.8976276351641
macro iter 3 (21 JK  4 micro), CASSCF E = -2099.22187875143  dE = -0.095067452  S^2 = 0.0000000
               |grad[o]|= 0.13  |grad[c]|= 0.0822369296388625  |ddm|=0.0759
    CPU time for CASCI solver     29.33 sec, wall time      4.61 sec
    CPU time for macro iter 3    254.38 sec, wall time      8.65 sec
    |g|=0.0768
    CPU time for gen h_op      7.09 sec, wall time      0.13 sec
    imic 1(3)  |g[o]|=0.0714  |dxi|=0.0328  max(|x|)=0.249  |dr|=0.0328  eig=-0.0258  seig=0.000852
    imic 2(4)  |g[o]|=0.0659  |dxi|=0.0329  max(|x|)=0.237  |dr|=0.0657  eig=-0.0229  seig=0.000851
    imic 3(5)  |g[o]|=0.0607  |dxi|=0.0326  max(|x|)=0.228  |dr|=0.0983  eig=-0.0201  seig=0.000837
    imic 4(6)  |g[o]|=0.0557  |dxi|=0.032  max(|x|)=0.221  |dr|= 0.13  eig=-0.0175  seig=0.000837
    CPU time for aug_hess in 4 inner iters      3.87 sec, wall time      0.07 sec
    CPU time for orbital rotation     11.26 sec, wall time      0.20 sec
Guessing CI wfn symmetry = 0
CI step by 4D subspace response
    CPU time for update CAS DM    105.65 sec, wall time      1.95 sec
micro 1  |u-1|=0.184  |g[o]|=0.0768  |g[c]|=0.0197  |ddm|=0.0137
    CPU time for micro iter 1      0.04 sec, wall time      0.00 sec
    |g|=0.0578 (keyframe), |g-correction|=0.00391
    CPU time for gen h_op     16.30 sec, wall time      0.30 sec
    imic 5(7)  |g[o]|=0.053  |dxi|=0.0311  max(|x|)= 0.22  |dr|=0.0311  eig=-0.0157  seig=0.000836
    imic 6(8)  |g[o]|=0.0484  |dxi|=0.0304  max(|x|)=0.213  |dr|=0.0616  eig=-0.0135  seig=0.000833
    imic 7(9)  |g[o]|=0.0438  |dxi|=0.0302  max(|x|)=0.201  |dr|=0.0917  eig=-0.0115  seig=0.000826
    imic 8(10)  |g[o]|=0.0394  |dxi|=0.0299  max(|x|)= 0.19  |dr|=0.122  eig=-0.0097  seig=0.000808
    CPU time for aug_hess in 8 inner iters      4.30 sec, wall time      0.08 sec
    CPU time for orbital rotation     20.61 sec, wall time      0.38 sec
Guessing CI wfn symmetry = 0
CI step by 4D subspace response
    CPU time for update CAS DM     64.98 sec, wall time      1.19 sec
micro 2  |u-1|=0.355  |g[o]|=0.0578  |g[c]|=0.0259  |ddm|=0.0241
    CPU time for micro iter 2      0.04 sec, wall time      0.00 sec
    |g|=0.0402 (keyframe), |g-correction|=0.00271
    CPU time for gen h_op      8.41 sec, wall time      0.15 sec
    imic 9(11)  |g[o]|=0.0358  |dxi|=0.0297  max(|x|)=0.175  |dr|=0.0297  eig=-0.00787  seig=0.000806
    imic 10(12)  |g[o]|=0.0315  |dxi|=0.0295  max(|x|)=0.161  |dr|=0.0592  eig=-0.00636  seig=0.000769
    imic 11(13)  |g[o]|=0.0272  |dxi|=0.0293  max(|x|)=0.146  |dr|=0.0885  eig=-0.00502  seig=0.000769
    imic 12(14)  |g[o]|=0.0231  |dxi|=0.0291  max(|x|)= 0.13  |dr|=0.118  eig=-0.00383  seig=0.000757
    CPU time for aug_hess in 12 inner iters      2.90 sec, wall time      0.05 sec
    CPU time for orbital rotation     11.32 sec, wall time      0.21 sec
Guessing CI wfn symmetry = 0
CI step by 4D subspace response
    CPU time for update CAS DM     83.10 sec, wall time      1.56 sec
micro 3  |u-1|=0.519  |g[o]|=0.0402  |g[c]|=0.0304  |ddm|=0.0343
    CPU time for micro iter 3      0.05 sec, wall time      0.00 sec
    |g|=0.0235 (keyframe), |g-correction|=0.00418
    CPU time for gen h_op     11.23 sec, wall time      0.21 sec
    imic 13(15)  |g[o]|=0.0188  |dxi|=0.0302  max(|x|)=0.0981  |dr|=0.0302  eig=-0.00243  seig=0.000756
    imic 14(16)  |g[o]|=0.0141  |dxi|=0.0301  max(|x|)= 0.08  |dr|=0.0603  eig=-0.00157  seig=0.000755
    imic 15(17)  |g[o]|=0.00952  |dxi|=0.0299  max(|x|)=0.0613  |dr|=0.0902  eig=-0.000899  seig=0.000755
    imic 16(18)  |g[o]|=0.00499  |dxi|=0.0299  max(|x|)=0.042  |dr|= 0.12  eig=-0.000413  seig=0.000755
    CPU time for aug_hess in 16 inner iters      2.87 sec, wall time      0.05 sec
    CPU time for orbital rotation     14.10 sec, wall time      0.26 sec
micro 4  |u-1|=0.686  |g[o]|=0.0235
Active space overlap to initial guess, SVD = [0.99957795 0.99897446 0.99897446 0.9979467  0.99780191 0.99780191
 0.96412907 0.96412907 0.94760364 0.27435565 0.27435565 0.11196283]
Active space overlap to last step, SVD = [0.99997713 0.99997713 0.99995232 0.99994699 0.99994699 0.9996878
 0.9996878  0.99953362 0.99772907 0.9816258  0.9816258  0.92271585]
    CPU time for update eri      7.67 sec, wall time      0.14 sec
Start CASCI
    CPU time for integral transformation to CAS space      0.01 sec, wall time      0.00 sec
core energy = -2067.3038316082
    CPU time for effective h1e in CAS space      0.00 sec, wall time      0.00 sec
Guessing CI wfn symmetry = 0
davidson 0 1  |r|= 0.00566  e= [-31.94938471]  max|de|= -31.9  lindep= 0.997
davidson 1 2  |r|= 0.00877  e= [-31.94940247]  max|de|= -1.78e-05  lindep= 0.992
davidson 2 3  |r|= 0.00683  e= [-31.94942637]  max|de|= -2.39e-05  lindep= 0.995
davidson 3 4  |r|= 0.00498  e= [-31.94943749]  max|de|= -1.11e-05  lindep= 0.99
davidson 4 5  |r|= 0.00314  e= [-31.9494438]  max|de|= -6.32e-06  lindep= 0.995
davidson 5 6  |r|= 0.00179  e= [-31.94944638]  max|de|= -2.57e-06  lindep= 0.996
davidson 6 7  |r|= 0.00138  e= [-31.94944719]  max|de|= -8.18e-07  lindep= 0.987
davidson 7 8  |r|= 0.00108  e= [-31.94944781]  max|de|= -6.12e-07  lindep= 0.979
davidson 8 9  |r|= 0.00087  e= [-31.94944813]  max|de|= -3.24e-07  lindep= 0.974
davidson 9 10  |r|= 0.000599  e= [-31.94944835]  max|de|= -2.16e-07  lindep= 0.984
davidson 10 11  |r|= 0.000405  e= [-31.94944846]  max|de|= -1.08e-07  lindep= 0.98
davidson 11 12  |r|= 0.000329  e= [-31.94944851]  max|de|= -5.26e-08  lindep= 0.974
davidson 12 1  |r|= 0.000329  e= [-31.94944851]  max|de|= 2.38e-13  lindep= 0.999
davidson 13 2  |r|= 0.000196  e= [-31.94944853]  max|de|= -1.98e-08  lindep= 0.998
davidson 14 3  |r|= 0.000185  e= [-31.94944855]  max|de|= -1.74e-08  lindep= 0.982
davidson 15 4  |r|= 0.000158  e= [-31.94944856]  max|de|= -1.17e-08  lindep= 0.984
davidson 16 5  |r|= 0.00012  e= [-31.94944856]  max|de|= -6.38e-09  lindep= 0.994
root 0 converged  |r|= 8.5e-05  e= -31.949448567427623  max|de|= -4.21e-09
converged 17 6  |r|= 8.5e-05  e= [-31.94944857]  max|de|= -4.21e-09
    CPU time for FCI solver     16.54 sec, wall time      3.91 sec
CAS space CI energy = -31.9494485674277
macro iter 4 (21 JK  4 micro), CASSCF E = -2099.25328017563  dE = -0.031401424  S^2 = 0.0000000
               |grad[o]|=0.0768  |grad[c]|= 0.030383038257796657  |ddm|=0.0343
    CPU time for CASCI solver     29.20 sec, wall time      4.15 sec
    CPU time for macro iter 4    348.03 sec, wall time     10.04 sec
    |g|=0.00802
    CPU time for gen h_op      7.15 sec, wall time      0.13 sec
    imic 1(3)  |g[o]|=0.00161  |dxi|=0.0217  max(|x|)=0.00999  |dr|=0.0217  eig=-9.05e-05  seig=0.000875
    CPU time for aug_hess in 1 inner iters      2.00 sec, wall time      0.04 sec
    CPU time for orbital rotation      9.44 sec, wall time      0.17 sec
Guessing CI wfn symmetry = 0
CI step by 4D subspace response
    CPU time for update CAS DM     50.60 sec, wall time      0.90 sec
micro 1  |u-1|=0.0307  |g[o]|=0.00802  |g[c]|=0.00185  |ddm|=0.00479
    CPU time for micro iter 1      0.04 sec, wall time      0.00 sec
    |g|=0.00184 (keyframe), |g-correction|=0.000877
    CPU time for gen h_op      6.56 sec, wall time      0.12 sec
    imic 2(4)  |g[o]|=0.000797  |dxi|=0.0053  max(|x|)=0.00336  |dr|=0.0053  eig=-2.43e-06  seig=0.000873
    imic 3(5)  |g[o]|=0.000311  |dxi|=0.0025  max(|x|)=0.00147  |dr|=0.00689  eig=-1.09e-06  seig=0.000871
    CPU time for aug_hess in 3 inner iters      1.39 sec, wall time      0.02 sec
    CPU time for orbital rotation      7.95 sec, wall time      0.14 sec
Guessing CI wfn symmetry = 0
CI step by 4D subspace response
    CPU time for update CAS DM     51.38 sec, wall time      0.92 sec
micro 2  |u-1|=0.034  |g[o]|=0.00184  |g[c]|=0.00154  |ddm|=0.00559
    CPU time for micro iter 2      0.04 sec, wall time      0.00 sec
    |g|=0.000293 (keyframe), |g-correction|=0.000178
    CPU time for gen h_op      6.61 sec, wall time      0.12 sec
    imic 4(6)  |g[o]|=0.000253  |dxi|=0.00107  max(|x|)=0.000563  |dr|=0.00107  eig=-1.56e-07  seig=0.000869
    imic 5(7)  |g[o]|=0.000114  |dxi|=0.000462  max(|x|)=0.000202  |dr|=0.00134  eig=-4.18e-08  seig=0.00085
    imic 6(8)  |g[o]|=3.12e-05  |dxi|=0.000139  max(|x|)=7.19e-05  |dr|=0.00142  eig=-4.89e-09  seig=0.000826
    CPU time for aug_hess in 6 inner iters      2.16 sec, wall time      0.04 sec
    CPU time for orbital rotation      8.78 sec, wall time      0.16 sec
Guessing CI wfn symmetry = 0
CI step by 4D subspace response
